============================================================
Time  2020/08/01 21:07:31 178 
============================================================
[2020/08/01 21:07:31 200] isr        1659 isr loaded!  
[2020/08/01 21:07:31 200] isr        1642 SYS_MSG_REGCB param0 =   msp_status_cb  param1 =   func(2457bd8) 
[2020/08/01 21:07:31 201] isr        1537 ASR_MSG_SSB  
[2020/08/01 21:07:31 201] isr        1066 session_begin() [in], params:   sub = iat, domain = iat, language = zh_cn, accent = mandarin, sample_rate = 16000, result_type = plain, result_encoding = gb2312  nil  
[2020/08/01 21:07:31 201] isr        927  vad_set [in]  
[2020/08/01 21:07:31 201] isr        962  vad_enable :  true  
[2020/08/01 21:07:31 201] isr        980  vad_bos :  10000  
[2020/08/01 21:07:31 203] isr        981  vad_eos :  2000  
[2020/08/01 21:07:31 203] isr        886  enable_vad [in]  
[2020/08/01 21:07:31 206] isr        918  vad enabled!  2000  10000  
[2020/08/01 21:07:31 206] isr        921  enable_vad [out]  
[2020/08/01 21:07:31 206] isr        987  vad_set [out] | ret =  0  
[2020/08/01 21:07:31 206] isr        1187 cur_engine_type =   cloud  
[2020/08/01 21:07:31 207] isr        1001 cloud_session_begin  
[2020/08/01 21:07:31 207] isr        1013 unknown  
[2020/08/01 21:07:31 210] isr        1547 ASR_MSG_AUW,   cloud  
[2020/08/01 21:07:31 210] isr        1559 6400  1  
[2020/08/01 21:07:31 210] isr        1569 once_bytes:   6400  
[2020/08/01 21:07:31 216] isr        851  [aud] speech start  
[2020/08/01 21:07:31 216] isr        798  1  msc  
[2020/08/01 21:07:31 413] isr        1547 ASR_MSG_AUW,   cloud  
[2020/08/01 21:07:31 413] isr        1559 6400  2  
[2020/08/01 21:07:31 446] isr        700  cloud_status_cb, eps:  1  
[2020/08/01 21:07:31 446] isr        798  1  cloud  
[2020/08/01 21:07:31 447] isr        813  cloud eps ignored  
[2020/08/01 21:07:31 614] isr        1547 ASR_MSG_AUW,   cloud  
[2020/08/01 21:07:31 614] isr        1559 6400  2  
[2020/08/01 21:07:31 815] isr        1547 ASR_MSG_AUW,   cloud  
[2020/08/01 21:07:31 815] isr        1559 6400  2  
[2020/08/01 21:07:32 016] isr        1547 ASR_MSG_AUW,   cloud  
[2020/08/01 21:07:32 016] isr        1559 6400  2  
[2020/08/01 21:07:32 217] isr        1547 ASR_MSG_AUW,   cloud  
[2020/08/01 21:07:32 217] isr        1559 6400  2  
[2020/08/01 21:07:32 418] isr        1547 ASR_MSG_AUW,   cloud  
[2020/08/01 21:07:32 418] isr        1559 6400  2  
[2020/08/01 21:07:32 619] isr        1547 ASR_MSG_AUW,   cloud  
[2020/08/01 21:07:32 619] isr        1559 6400  2  
[2020/08/01 21:07:32 822] isr        1547 ASR_MSG_AUW,   cloud  
[2020/08/01 21:07:32 822] isr        1559 6400  2  
[2020/08/01 21:07:33 023] isr        1547 ASR_MSG_AUW,   cloud  
[2020/08/01 21:07:33 023] isr        1559 6400  2  
[2020/08/01 21:07:33 223] isr        1547 ASR_MSG_AUW,   cloud  
[2020/08/01 21:07:33 223] isr        1559 6400  2  
[2020/08/01 21:07:33 426] isr        1547 ASR_MSG_AUW,   cloud  
[2020/08/01 21:07:33 426] isr        1559 6400  2  
[2020/08/01 21:07:33 627] isr        1547 ASR_MSG_AUW,   cloud  
[2020/08/01 21:07:33 627] isr        1559 6400  2  
[2020/08/01 21:07:33 828] isr        1547 ASR_MSG_AUW,   cloud  
[2020/08/01 21:07:33 828] isr        1559 6400  2  
[2020/08/01 21:07:34 029] isr        1547 ASR_MSG_AUW,   cloud  
[2020/08/01 21:07:34 029] isr        1559 6400  2  
[2020/08/01 21:07:34 230] isr        1547 ASR_MSG_AUW,   cloud  
[2020/08/01 21:07:34 230] isr        1559 6400  2  
[2020/08/01 21:07:34 430] isr        1547 ASR_MSG_AUW,   cloud  
[2020/08/01 21:07:34 430] isr        1559 6400  2  
[2020/08/01 21:07:34 632] isr        1547 ASR_MSG_AUW,   cloud  
[2020/08/01 21:07:34 632] isr        1559 6400  2  
[2020/08/01 21:07:34 834] isr        1547 ASR_MSG_AUW,   cloud  
[2020/08/01 21:07:34 834] isr        1559 6400  2  
[2020/08/01 21:07:35 036] isr        1547 ASR_MSG_AUW,   cloud  
[2020/08/01 21:07:35 036] isr        1559 6400  2  
[2020/08/01 21:07:35 237] isr        1547 ASR_MSG_AUW,   cloud  
[2020/08/01 21:07:35 237] isr        1559 6400  2  
[2020/08/01 21:07:35 440] isr        1547 ASR_MSG_AUW,   cloud  
[2020/08/01 21:07:35 440] isr        1559 6400  2  
[2020/08/01 21:07:35 502] isr        662  cloud_rslt_cb status =   0  
[2020/08/01 21:07:35 502] isr        641  process_result call:  cloud  udata(25623b8) 0  nil  
[2020/08/01 21:07:35 640] isr        1547 ASR_MSG_AUW,   cloud  
[2020/08/01 21:07:35 640] isr        1559 7420  2  
[2020/08/01 21:07:35 841] isr        1547 ASR_MSG_AUW,   cloud  
[2020/08/01 21:07:35 841] isr        1559 0  4  
[2020/08/01 21:07:35 841] isr        1592 aud end, USER  
[2020/08/01 21:07:35 842] isr        1636 ASR_MSG_GRSLT,   cloud  
[2020/08/01 21:07:35 842] isr        1335 0  udata(25623b8) 0  
[2020/08/01 21:07:35 842] isr        854  [aud] speech end  
[2020/08/01 21:07:35 844] isr        798  3  msc  
[2020/08/01 21:07:35 878] isr        700  cloud_status_cb, eps:  3  
[2020/08/01 21:07:35 878] isr        798  3  cloud  
[2020/08/01 21:07:35 878] isr        800  already speech end  
[2020/08/01 21:07:35 880] isr        662  cloud_rslt_cb status =   5  
[2020/08/01 21:07:35 880] isr        641  process_result call:  cloud  udata(2563528) 5  nil  
[2020/08/01 21:07:35 880] isr        798  3  msc  
[2020/08/01 21:07:35 880] isr        800  already speech end  
[2020/08/01 21:07:35 993] isr        1636 ASR_MSG_GRSLT,   cloud  
[2020/08/01 21:07:35 993] isr        1335 0  udata(2563528) 5  
[2020/08/01 21:07:36 148] isr        1639 ASR_MSG_SSE,   cloud  
[2020/08/01 21:07:36 148] isr        1356 session_end() [in]  
[2020/08/01 21:07:36 148] isr        1421 cloud_session_end() [in]  
[2020/08/01 21:07:36 150] isr        1488 ns_host=  open.xf-yun.com  
[2020/08/01 21:07:36 150] isr        1498 tick()mod=  96414109  
[2020/08/01 21:07:36 151] isr        1499 tick()=  96414109  
[2020/08/01 21:07:36 151] isr        1501 diff=  4844  
[2020/08/01 21:07:36 151] isr        1514 cloud_session_end() [out]  
[2020/08/01 21:07:36 151] isr        1667 isr unload!  
============================================================
Time  2020/08/01 21:08:44 267 
============================================================
[2020/08/01 21:08:44 269] isr        1659 isr loaded!  
[2020/08/01 21:08:44 269] isr        1642 SYS_MSG_REGCB param0 =   msp_status_cb  param1 =   func(1fd1b98) 
[2020/08/01 21:08:44 269] isr        1537 ASR_MSG_SSB  
[2020/08/01 21:08:44 269] isr        1066 session_begin() [in], params:   sub = iat, domain = iat, language = zh_cn, accent = mandarin, sample_rate = 16000, result_type = plain, result_encoding = gb2312  nil  
[2020/08/01 21:08:44 270] isr        927  vad_set [in]  
[2020/08/01 21:08:44 270] isr        962  vad_enable :  true  
[2020/08/01 21:08:44 270] isr        980  vad_bos :  10000  
[2020/08/01 21:08:44 270] isr        981  vad_eos :  2000  
[2020/08/01 21:08:44 270] isr        886  enable_vad [in]  
[2020/08/01 21:08:44 273] isr        918  vad enabled!  2000  10000  
[2020/08/01 21:08:44 273] isr        921  enable_vad [out]  
[2020/08/01 21:08:44 273] isr        987  vad_set [out] | ret =  0  
[2020/08/01 21:08:44 273] isr        1187 cur_engine_type =   cloud  
[2020/08/01 21:08:44 273] isr        1001 cloud_session_begin  
[2020/08/01 21:08:44 273] isr        1013 unknown  
[2020/08/01 21:08:44 278] isr        1547 ASR_MSG_AUW,   cloud  
[2020/08/01 21:08:44 278] isr        1559 6400  1  
[2020/08/01 21:08:44 278] isr        1569 once_bytes:   6400  
[2020/08/01 21:08:44 282] isr        851  [aud] speech start  
[2020/08/01 21:08:44 282] isr        798  1  msc  
[2020/08/01 21:08:44 479] isr        1547 ASR_MSG_AUW,   cloud  
[2020/08/01 21:08:44 479] isr        1559 6400  2  
[2020/08/01 21:08:44 516] isr        700  cloud_status_cb, eps:  1  
[2020/08/01 21:08:44 516] isr        798  1  cloud  
[2020/08/01 21:08:44 516] isr        813  cloud eps ignored  
[2020/08/01 21:08:44 680] isr        1547 ASR_MSG_AUW,   cloud  
[2020/08/01 21:08:44 680] isr        1559 6400  2  
[2020/08/01 21:08:44 881] isr        1547 ASR_MSG_AUW,   cloud  
[2020/08/01 21:08:44 881] isr        1559 6400  2  
[2020/08/01 21:08:45 081] isr        1547 ASR_MSG_AUW,   cloud  
[2020/08/01 21:08:45 082] isr        1559 6400  2  
[2020/08/01 21:08:45 282] isr        1547 ASR_MSG_AUW,   cloud  
[2020/08/01 21:08:45 282] isr        1559 6400  2  
[2020/08/01 21:08:45 483] isr        1547 ASR_MSG_AUW,   cloud  
[2020/08/01 21:08:45 483] isr        1559 6400  2  
[2020/08/01 21:08:45 684] isr        1547 ASR_MSG_AUW,   cloud  
[2020/08/01 21:08:45 684] isr        1559 6400  2  
[2020/08/01 21:08:45 885] isr        1547 ASR_MSG_AUW,   cloud  
[2020/08/01 21:08:45 885] isr        1559 6400  2  
[2020/08/01 21:08:46 086] isr        1547 ASR_MSG_AUW,   cloud  
[2020/08/01 21:08:46 086] isr        1559 6400  2  
[2020/08/01 21:08:46 288] isr        1547 ASR_MSG_AUW,   cloud  
[2020/08/01 21:08:46 289] isr        1559 6400  2  
[2020/08/01 21:08:46 490] isr        1547 ASR_MSG_AUW,   cloud  
[2020/08/01 21:08:46 490] isr        1559 6400  2  
[2020/08/01 21:08:46 690] isr        1547 ASR_MSG_AUW,   cloud  
[2020/08/01 21:08:46 691] isr        1559 6400  2  
[2020/08/01 21:08:46 894] isr        1547 ASR_MSG_AUW,   cloud  
[2020/08/01 21:08:46 894] isr        1559 6400  2  
[2020/08/01 21:08:47 094] isr        1547 ASR_MSG_AUW,   cloud  
[2020/08/01 21:08:47 094] isr        1559 6400  2  
[2020/08/01 21:08:47 295] isr        1547 ASR_MSG_AUW,   cloud  
[2020/08/01 21:08:47 296] isr        1559 6400  2  
[2020/08/01 21:08:47 496] isr        1547 ASR_MSG_AUW,   cloud  
[2020/08/01 21:08:47 496] isr        1559 6400  2  
[2020/08/01 21:08:47 697] isr        1547 ASR_MSG_AUW,   cloud  
[2020/08/01 21:08:47 697] isr        1559 6400  2  
[2020/08/01 21:08:47 898] isr        1547 ASR_MSG_AUW,   cloud  
[2020/08/01 21:08:47 898] isr        1559 6400  2  
[2020/08/01 21:08:48 098] isr        1547 ASR_MSG_AUW,   cloud  
[2020/08/01 21:08:48 099] isr        1559 6400  2  
[2020/08/01 21:08:48 299] isr        1547 ASR_MSG_AUW,   cloud  
[2020/08/01 21:08:48 299] isr        1559 11442  2  
[2020/08/01 21:08:48 502] isr        1547 ASR_MSG_AUW,   cloud  
[2020/08/01 21:08:48 502] isr        1559 0  4  
[2020/08/01 21:08:48 502] isr        1592 aud end, USER  
[2020/08/01 21:08:48 503] isr        1636 ASR_MSG_GRSLT,   cloud  
[2020/08/01 21:08:48 503] isr        1335 0  nil  2  
[2020/08/01 21:08:48 506] isr        854  [aud] speech end  
[2020/08/01 21:08:48 506] isr        798  3  msc  
[2020/08/01 21:08:48 582] isr        700  cloud_status_cb, eps:  3  
[2020/08/01 21:08:48 584] isr        798  3  cloud  
[2020/08/01 21:08:48 584] isr        800  already speech end  
[2020/08/01 21:08:48 586] isr        662  cloud_rslt_cb status =   5  
[2020/08/01 21:08:48 586] isr        641  process_result call:  cloud  udata(20fc2c0) 5  nil  
[2020/08/01 21:08:48 586] isr        798  3  msc  
[2020/08/01 21:08:48 586] isr        800  already speech end  
[2020/08/01 21:08:48 655] isr        1636 ASR_MSG_GRSLT,   cloud  
[2020/08/01 21:08:48 655] isr        1335 0  udata(20fc2c0) 5  
[2020/08/01 21:08:48 808] isr        1639 ASR_MSG_SSE,   cloud  
[2020/08/01 21:08:48 808] isr        1356 session_end() [in]  
[2020/08/01 21:08:48 808] isr        1421 cloud_session_end() [in]  
[2020/08/01 21:08:48 809] isr        1488 ns_host=  open.xf-yun.com  
[2020/08/01 21:08:48 809] isr        1498 tick()mod=  96486765  
[2020/08/01 21:08:48 811] isr        1499 tick()=  96486765  
[2020/08/01 21:08:48 811] isr        1501 diff=  4453  
[2020/08/01 21:08:48 811] isr        1514 cloud_session_end() [out]  
[2020/08/01 21:08:48 812] isr        1667 isr unload!  
============================================================
Time  2020/08/01 21:13:12 648 
============================================================
[2020/08/01 21:13:12 648] isr        1659 isr loaded!  
[2020/08/01 21:13:12 648] isr        1642 SYS_MSG_REGCB param0 =   msp_status_cb  param1 =   func(1ff6aa8) 
[2020/08/01 21:13:12 650] isr        1537 ASR_MSG_SSB  
[2020/08/01 21:13:12 650] isr        1066 session_begin() [in], params:   sub = iat, domain = iat, language = zh_cn, accent = mandarin, sample_rate = 16000, result_type = plain, result_encoding = gb2312  nil  
[2020/08/01 21:13:12 650] isr        927  vad_set [in]  
[2020/08/01 21:13:12 650] isr        962  vad_enable :  true  
[2020/08/01 21:13:12 650] isr        980  vad_bos :  10000  
[2020/08/01 21:13:12 650] isr        981  vad_eos :  2000  
[2020/08/01 21:13:12 650] isr        886  enable_vad [in]  
[2020/08/01 21:13:12 653] isr        918  vad enabled!  2000  10000  
[2020/08/01 21:13:12 653] isr        921  enable_vad [out]  
[2020/08/01 21:13:12 653] isr        987  vad_set [out] | ret =  0  
[2020/08/01 21:13:12 653] isr        1187 cur_engine_type =   cloud  
[2020/08/01 21:13:12 653] isr        1001 cloud_session_begin  
[2020/08/01 21:13:12 653] isr        1013 unknown  
[2020/08/01 21:13:12 655] isr        1547 ASR_MSG_AUW,   cloud  
[2020/08/01 21:13:12 655] isr        1559 6400  1  
[2020/08/01 21:13:12 655] isr        1569 once_bytes:   6400  
[2020/08/01 21:13:12 661] isr        851  [aud] speech start  
[2020/08/01 21:13:12 661] isr        798  1  msc  
[2020/08/01 21:13:12 855] isr        1547 ASR_MSG_AUW,   cloud  
[2020/08/01 21:13:12 855] isr        1559 6400  2  
[2020/08/01 21:13:12 891] isr        700  cloud_status_cb, eps:  1  
[2020/08/01 21:13:12 891] isr        798  1  cloud  
[2020/08/01 21:13:12 891] isr        813  cloud eps ignored  
[2020/08/01 21:13:13 056] isr        1547 ASR_MSG_AUW,   cloud  
[2020/08/01 21:13:13 056] isr        1559 6400  2  
[2020/08/01 21:13:13 259] isr        1547 ASR_MSG_AUW,   cloud  
[2020/08/01 21:13:13 259] isr        1559 6400  2  
[2020/08/01 21:13:13 460] isr        1547 ASR_MSG_AUW,   cloud  
[2020/08/01 21:13:13 460] isr        1559 6400  2  
[2020/08/01 21:13:13 661] isr        1547 ASR_MSG_AUW,   cloud  
[2020/08/01 21:13:13 661] isr        1559 6400  2  
[2020/08/01 21:13:13 862] isr        1547 ASR_MSG_AUW,   cloud  
[2020/08/01 21:13:13 864] isr        1559 6400  2  
[2020/08/01 21:13:14 063] isr        1547 ASR_MSG_AUW,   cloud  
[2020/08/01 21:13:14 065] isr        1559 6400  2  
[2020/08/01 21:13:14 265] isr        1547 ASR_MSG_AUW,   cloud  
[2020/08/01 21:13:14 265] isr        1559 6400  2  
[2020/08/01 21:13:14 467] isr        1547 ASR_MSG_AUW,   cloud  
[2020/08/01 21:13:14 467] isr        1559 6400  2  
[2020/08/01 21:13:14 667] isr        1547 ASR_MSG_AUW,   cloud  
[2020/08/01 21:13:14 667] isr        1559 6400  2  
[2020/08/01 21:13:14 868] isr        1547 ASR_MSG_AUW,   cloud  
[2020/08/01 21:13:14 868] isr        1559 6400  2  
[2020/08/01 21:13:15 069] isr        1547 ASR_MSG_AUW,   cloud  
[2020/08/01 21:13:15 069] isr        1559 6400  2  
[2020/08/01 21:13:15 272] isr        1547 ASR_MSG_AUW,   cloud  
[2020/08/01 21:13:15 272] isr        1559 6400  2  
[2020/08/01 21:13:15 473] isr        1547 ASR_MSG_AUW,   cloud  
[2020/08/01 21:13:15 473] isr        1559 6400  2  
[2020/08/01 21:13:15 674] isr        1547 ASR_MSG_AUW,   cloud  
[2020/08/01 21:13:15 674] isr        1559 6400  2  
[2020/08/01 21:13:15 875] isr        1547 ASR_MSG_AUW,   cloud  
[2020/08/01 21:13:15 875] isr        1559 6400  2  
[2020/08/01 21:13:16 076] isr        1547 ASR_MSG_AUW,   cloud  
[2020/08/01 21:13:16 076] isr        1559 6400  2  
[2020/08/01 21:13:16 278] isr        1547 ASR_MSG_AUW,   cloud  
[2020/08/01 21:13:16 278] isr        1559 6400  2  
[2020/08/01 21:13:16 480] isr        1547 ASR_MSG_AUW,   cloud  
[2020/08/01 21:13:16 480] isr        1559 6400  2  
[2020/08/01 21:13:16 681] isr        1547 ASR_MSG_AUW,   cloud  
[2020/08/01 21:13:16 681] isr        1559 6400  2  
[2020/08/01 21:13:16 884] isr        1547 ASR_MSG_AUW,   cloud  
[2020/08/01 21:13:16 884] isr        1559 6400  2  
[2020/08/01 21:13:16 953] isr        662  cloud_rslt_cb status =   0  
[2020/08/01 21:13:16 953] isr        641  process_result call:  cloud  udata(200e1d8) 0  nil  
[2020/08/01 21:13:17 085] isr        1547 ASR_MSG_AUW,   cloud  
[2020/08/01 21:13:17 085] isr        1559 7420  2  
[2020/08/01 21:13:17 286] isr        1547 ASR_MSG_AUW,   cloud  
[2020/08/01 21:13:17 286] isr        1559 0  4  
[2020/08/01 21:13:17 286] isr        1592 aud end, USER  
[2020/08/01 21:13:17 286] isr        1636 ASR_MSG_GRSLT,   cloud  
[2020/08/01 21:13:17 286] isr        1335 0  udata(200e1d8) 0  
[2020/08/01 21:13:17 289] isr        854  [aud] speech end  
[2020/08/01 21:13:17 289] isr        798  3  msc  
[2020/08/01 21:13:17 328] isr        700  cloud_status_cb, eps:  3  
[2020/08/01 21:13:17 328] isr        798  3  cloud  
[2020/08/01 21:13:17 328] isr        800  already speech end  
[2020/08/01 21:13:17 332] isr        662  cloud_rslt_cb status =   5  
[2020/08/01 21:13:17 332] isr        641  process_result call:  cloud  udata(200d848) 5  nil  
[2020/08/01 21:13:17 332] isr        798  3  msc  
[2020/08/01 21:13:17 332] isr        800  already speech end  
[2020/08/01 21:13:17 438] isr        1636 ASR_MSG_GRSLT,   cloud  
[2020/08/01 21:13:17 438] isr        1335 0  udata(200d848) 5  
[2020/08/01 21:13:17 591] isr        1639 ASR_MSG_SSE,   cloud  
[2020/08/01 21:13:17 592] isr        1356 session_end() [in]  
[2020/08/01 21:13:17 592] isr        1421 cloud_session_end() [in]  
[2020/08/01 21:13:17 592] isr        1488 ns_host=  open.xf-yun.com  
[2020/08/01 21:13:17 592] isr        1498 tick()mod=  96755546  
[2020/08/01 21:13:17 592] isr        1499 tick()=  96755546  
[2020/08/01 21:13:17 592] isr        1501 diff=  4843  
[2020/08/01 21:13:17 592] isr        1514 cloud_session_end() [out]  
[2020/08/01 21:13:17 594] isr        1667 isr unload!  
============================================================
Time  2020/08/01 21:14:59 059 
============================================================
[2020/08/01 21:14:59 059] isr        1659 isr loaded!  
[2020/08/01 21:14:59 059] isr        1642 SYS_MSG_REGCB param0 =   msp_status_cb  param1 =   func(1918348) 
[2020/08/01 21:14:59 059] isr        1537 ASR_MSG_SSB  
[2020/08/01 21:14:59 059] isr        1066 session_begin() [in], params:   sub = iat, domain = iat, language = zh_cn, accent = mandarin, sample_rate = 16000, result_type = plain, result_encoding = gb2312  nil  
[2020/08/01 21:14:59 059] isr        927  vad_set [in]  
[2020/08/01 21:14:59 059] isr        962  vad_enable :  true  
[2020/08/01 21:14:59 059] isr        980  vad_bos :  10000  
[2020/08/01 21:14:59 059] isr        981  vad_eos :  2000  
[2020/08/01 21:14:59 059] isr        886  enable_vad [in]  
[2020/08/01 21:14:59 061] isr        918  vad enabled!  2000  10000  
[2020/08/01 21:14:59 061] isr        921  enable_vad [out]  
[2020/08/01 21:14:59 061] isr        987  vad_set [out] | ret =  0  
[2020/08/01 21:14:59 061] isr        1187 cur_engine_type =   cloud  
[2020/08/01 21:14:59 061] isr        1001 cloud_session_begin  
[2020/08/01 21:14:59 061] isr        1013 unknown  
[2020/08/01 21:14:59 062] isr        1547 ASR_MSG_AUW,   cloud  
[2020/08/01 21:14:59 062] isr        1559 6400  1  
[2020/08/01 21:14:59 062] isr        1569 once_bytes:   6400  
[2020/08/01 21:14:59 065] isr        851  [aud] speech start  
[2020/08/01 21:14:59 065] isr        798  1  msc  
[2020/08/01 21:14:59 276] isr        1547 ASR_MSG_AUW,   cloud  
[2020/08/01 21:14:59 276] isr        1559 6400  2  
[2020/08/01 21:14:59 306] isr        700  cloud_status_cb, eps:  1  
[2020/08/01 21:14:59 306] isr        798  1  cloud  
[2020/08/01 21:14:59 306] isr        813  cloud eps ignored  
[2020/08/01 21:14:59 477] isr        1547 ASR_MSG_AUW,   cloud  
[2020/08/01 21:14:59 477] isr        1559 6400  2  
[2020/08/01 21:14:59 678] isr        1547 ASR_MSG_AUW,   cloud  
[2020/08/01 21:14:59 678] isr        1559 6400  2  
[2020/08/01 21:14:59 881] isr        1547 ASR_MSG_AUW,   cloud  
[2020/08/01 21:14:59 881] isr        1559 6400  2  
[2020/08/01 21:15:00 081] isr        1547 ASR_MSG_AUW,   cloud  
[2020/08/01 21:15:00 082] isr        1559 6400  2  
[2020/08/01 21:15:00 282] isr        1547 ASR_MSG_AUW,   cloud  
[2020/08/01 21:15:00 282] isr        1559 6400  2  
[2020/08/01 21:15:00 483] isr        1547 ASR_MSG_AUW,   cloud  
[2020/08/01 21:15:00 483] isr        1559 6400  2  
[2020/08/01 21:15:00 684] isr        1547 ASR_MSG_AUW,   cloud  
[2020/08/01 21:15:00 684] isr        1559 6400  2  
[2020/08/01 21:15:00 885] isr        1547 ASR_MSG_AUW,   cloud  
[2020/08/01 21:15:00 885] isr        1559 6400  2  
[2020/08/01 21:15:01 086] isr        1547 ASR_MSG_AUW,   cloud  
[2020/08/01 21:15:01 086] isr        1559 6400  2  
[2020/08/01 21:15:01 288] isr        1547 ASR_MSG_AUW,   cloud  
[2020/08/01 21:15:01 288] isr        1559 6400  2  
[2020/08/01 21:15:01 489] isr        1547 ASR_MSG_AUW,   cloud  
[2020/08/01 21:15:01 489] isr        1559 6400  2  
[2020/08/01 21:15:01 690] isr        1547 ASR_MSG_AUW,   cloud  
[2020/08/01 21:15:01 690] isr        1559 6400  2  
[2020/08/01 21:15:01 891] isr        1547 ASR_MSG_AUW,   cloud  
[2020/08/01 21:15:01 891] isr        1559 6400  2  
[2020/08/01 21:15:02 092] isr        1547 ASR_MSG_AUW,   cloud  
[2020/08/01 21:15:02 092] isr        1559 6400  2  
[2020/08/01 21:15:02 292] isr        1547 ASR_MSG_AUW,   cloud  
[2020/08/01 21:15:02 292] isr        1559 6400  2  
[2020/08/01 21:15:02 493] isr        1547 ASR_MSG_AUW,   cloud  
[2020/08/01 21:15:02 493] isr        1559 6400  2  
[2020/08/01 21:15:02 694] isr        1547 ASR_MSG_AUW,   cloud  
[2020/08/01 21:15:02 696] isr        1559 6400  2  
[2020/08/01 21:15:02 895] isr        1547 ASR_MSG_AUW,   cloud  
[2020/08/01 21:15:02 895] isr        1559 6400  2  
[2020/08/01 21:15:03 098] isr        1547 ASR_MSG_AUW,   cloud  
[2020/08/01 21:15:03 098] isr        1559 6400  2  
[2020/08/01 21:15:03 298] isr        1547 ASR_MSG_AUW,   cloud  
[2020/08/01 21:15:03 298] isr        1559 6400  2  
[2020/08/01 21:15:03 349] isr        662  cloud_rslt_cb status =   0  
[2020/08/01 21:15:03 349] isr        641  process_result call:  cloud  udata(279f800) 0  nil  
[2020/08/01 21:15:03 499] isr        1547 ASR_MSG_AUW,   cloud  
[2020/08/01 21:15:03 499] isr        1559 7420  2  
[2020/08/01 21:15:03 700] isr        1547 ASR_MSG_AUW,   cloud  
[2020/08/01 21:15:03 701] isr        1559 0  4  
[2020/08/01 21:15:03 701] isr        1592 aud end, USER  
[2020/08/01 21:15:03 703] isr        1636 ASR_MSG_GRSLT,   cloud  
[2020/08/01 21:15:03 703] isr        1335 0  udata(279f800) 0  
[2020/08/01 21:15:03 704] isr        854  [aud] speech end  
[2020/08/01 21:15:03 706] isr        798  3  msc  
[2020/08/01 21:15:03 759] isr        700  cloud_status_cb, eps:  3  
[2020/08/01 21:15:03 759] isr        798  3  cloud  
[2020/08/01 21:15:03 759] isr        800  already speech end  
[2020/08/01 21:15:03 763] isr        662  cloud_rslt_cb status =   5  
[2020/08/01 21:15:03 763] isr        641  process_result call:  cloud  udata(27d09f0) 5  nil  
[2020/08/01 21:15:03 763] isr        798  3  msc  
[2020/08/01 21:15:03 763] isr        800  already speech end  
[2020/08/01 21:15:03 854] isr        1636 ASR_MSG_GRSLT,   cloud  
[2020/08/01 21:15:03 855] isr        1335 0  udata(27d09f0) 5  
[2020/08/01 21:15:04 007] isr        1639 ASR_MSG_SSE,   cloud  
[2020/08/01 21:15:04 007] isr        1356 session_end() [in]  
[2020/08/01 21:15:04 007] isr        1421 cloud_session_end() [in]  
[2020/08/01 21:15:04 009] isr        1488 ns_host=  open.xf-yun.com  
[2020/08/01 21:15:04 009] isr        1498 tick()mod=  96861968  
[2020/08/01 21:15:04 009] isr        1499 tick()=  96861968  
[2020/08/01 21:15:04 009] isr        1501 diff=  4734  
[2020/08/01 21:15:04 010] isr        1514 cloud_session_end() [out]  
[2020/08/01 21:15:04 012] isr        1667 isr unload!  
============================================================
Time  2020/08/01 21:21:34 295 
============================================================
[2020/08/01 21:21:34 295] isr        1659 isr loaded!  
[2020/08/01 21:21:34 295] isr        1642 SYS_MSG_REGCB param0 =   msp_status_cb  param1 =   func(2f412b8) 
[2020/08/01 21:21:34 295] isr        1537 ASR_MSG_SSB  
[2020/08/01 21:21:34 296] isr        1066 session_begin() [in], params:   sub = iat, domain = iat, language = zh_cn, accent = mandarin, sample_rate = 16000, result_type = plain, result_encoding = gb2312Íýýýý  nil  
[2020/08/01 21:21:34 296] isr        927  vad_set [in]  
[2020/08/01 21:21:34 296] isr        962  vad_enable :  true  
[2020/08/01 21:21:34 296] isr        980  vad_bos :  10000  
[2020/08/01 21:21:34 296] isr        981  vad_eos :  2000  
[2020/08/01 21:21:34 296] isr        886  enable_vad [in]  
[2020/08/01 21:21:34 296] isr        918  vad enabled!  2000  10000  
[2020/08/01 21:21:34 296] isr        921  enable_vad [out]  
[2020/08/01 21:21:34 298] isr        987  vad_set [out] | ret =  0  
[2020/08/01 21:21:34 298] isr        1187 cur_engine_type =   cloud  
[2020/08/01 21:21:34 298] isr        1001 cloud_session_begin  
[2020/08/01 21:21:34 298] isr        1013 unknown  
[2020/08/01 21:21:34 535] isr        1547 ASR_MSG_AUW,   cloud  
[2020/08/01 21:21:34 535] isr        1559 6400  1  
[2020/08/01 21:21:34 535] isr        1569 once_bytes:   6400  
[2020/08/01 21:21:34 536] isr        851  [aud] speech start  
[2020/08/01 21:21:34 536] isr        798  1  msc  
[2020/08/01 21:21:34 734] isr        1547 ASR_MSG_AUW,   cloud  
[2020/08/01 21:21:34 734] isr        1559 6400  2  
[2020/08/01 21:21:34 765] isr        700  cloud_status_cb, eps:  1  
[2020/08/01 21:21:34 765] isr        798  1  cloud  
[2020/08/01 21:21:34 765] isr        813  cloud eps ignored  
[2020/08/01 21:21:34 848] isr        1547 ASR_MSG_AUW,   cloud  
[2020/08/01 21:21:34 848] isr        1559 3458  2  
[2020/08/01 21:21:34 898] isr        1670 SYS_MSG_SHUTDOWN  
============================================================
Time  2020/08/01 21:21:54 940 
============================================================
[2020/08/01 21:21:54 940] isr        1659 isr loaded!  
[2020/08/01 21:21:54 940] isr        1642 SYS_MSG_REGCB param0 =   msp_status_cb  param1 =   func(1b9a600) 
[2020/08/01 21:21:54 940] isr        1537 ASR_MSG_SSB  
[2020/08/01 21:21:54 940] isr        1066 session_begin() [in], params:   sub = iat, domain = iat, language = zh_cn, accent = mandarin, sample_rate = 16000, result_type = plain, result_encoding = gb2312  nil  
[2020/08/01 21:21:54 940] isr        927  vad_set [in]  
[2020/08/01 21:21:54 940] isr        962  vad_enable :  true  
[2020/08/01 21:21:54 940] isr        980  vad_bos :  10000  
[2020/08/01 21:21:54 940] isr        981  vad_eos :  2000  
[2020/08/01 21:21:54 940] isr        886  enable_vad [in]  
[2020/08/01 21:21:54 941] isr        918  vad enabled!  2000  10000  
[2020/08/01 21:21:54 941] isr        921  enable_vad [out]  
[2020/08/01 21:21:54 941] isr        987  vad_set [out] | ret =  0  
[2020/08/01 21:21:54 941] isr        1187 cur_engine_type =   cloud  
[2020/08/01 21:21:54 941] isr        1001 cloud_session_begin  
[2020/08/01 21:21:54 941] isr        1013 unknown  
[2020/08/01 21:21:54 944] isr        1547 ASR_MSG_AUW,   cloud  
[2020/08/01 21:21:54 944] isr        1559 6400  1  
[2020/08/01 21:21:54 944] isr        1569 once_bytes:   6400  
[2020/08/01 21:21:54 946] isr        851  [aud] speech start  
[2020/08/01 21:21:54 947] isr        798  1  msc  
[2020/08/01 21:21:55 144] isr        1547 ASR_MSG_AUW,   cloud  
[2020/08/01 21:21:55 144] isr        1559 6400  2  
[2020/08/01 21:21:55 177] isr        700  cloud_status_cb, eps:  1  
[2020/08/01 21:21:55 177] isr        798  1  cloud  
[2020/08/01 21:21:55 177] isr        813  cloud eps ignored  
[2020/08/01 21:21:55 346] isr        1547 ASR_MSG_AUW,   cloud  
[2020/08/01 21:21:55 346] isr        1559 6400  2  
[2020/08/01 21:21:55 549] isr        1547 ASR_MSG_AUW,   cloud  
[2020/08/01 21:21:55 549] isr        1559 6400  2  
[2020/08/01 21:21:55 749] isr        1547 ASR_MSG_AUW,   cloud  
[2020/08/01 21:21:55 749] isr        1559 6400  2  
[2020/08/01 21:21:55 950] isr        1547 ASR_MSG_AUW,   cloud  
[2020/08/01 21:21:55 950] isr        1559 6400  2  
[2020/08/01 21:21:56 151] isr        1547 ASR_MSG_AUW,   cloud  
[2020/08/01 21:21:56 151] isr        1559 6400  2  
[2020/08/01 21:21:56 351] isr        1547 ASR_MSG_AUW,   cloud  
[2020/08/01 21:21:56 351] isr        1559 6400  2  
[2020/08/01 21:21:56 552] isr        1547 ASR_MSG_AUW,   cloud  
[2020/08/01 21:21:56 552] isr        1559 6400  2  
[2020/08/01 21:21:56 753] isr        1547 ASR_MSG_AUW,   cloud  
[2020/08/01 21:21:56 753] isr        1559 6400  2  
[2020/08/01 21:21:56 956] isr        1547 ASR_MSG_AUW,   cloud  
[2020/08/01 21:21:56 956] isr        1559 6400  2  
[2020/08/01 21:21:57 157] isr        1547 ASR_MSG_AUW,   cloud  
[2020/08/01 21:21:57 157] isr        1559 6400  2  
[2020/08/01 21:21:57 357] isr        1547 ASR_MSG_AUW,   cloud  
[2020/08/01 21:21:57 357] isr        1559 6400  2  
[2020/08/01 21:21:57 558] isr        1547 ASR_MSG_AUW,   cloud  
[2020/08/01 21:21:57 558] isr        1559 6400  2  
[2020/08/01 21:21:57 759] isr        1547 ASR_MSG_AUW,   cloud  
[2020/08/01 21:21:57 759] isr        1559 6400  2  
[2020/08/01 21:21:57 960] isr        1547 ASR_MSG_AUW,   cloud  
[2020/08/01 21:21:57 960] isr        1559 6400  2  
[2020/08/01 21:21:58 161] isr        1547 ASR_MSG_AUW,   cloud  
[2020/08/01 21:21:58 161] isr        1559 6400  2  
[2020/08/01 21:21:58 364] isr        1547 ASR_MSG_AUW,   cloud  
[2020/08/01 21:21:58 364] isr        1559 6400  2  
[2020/08/01 21:21:58 565] isr        1547 ASR_MSG_AUW,   cloud  
[2020/08/01 21:21:58 565] isr        1559 6400  2  
[2020/08/01 21:21:58 765] isr        1547 ASR_MSG_AUW,   cloud  
[2020/08/01 21:21:58 765] isr        1559 6400  2  
[2020/08/01 21:21:58 967] isr        1547 ASR_MSG_AUW,   cloud  
[2020/08/01 21:21:58 967] isr        1559 6400  2  
[2020/08/01 21:21:59 167] isr        1547 ASR_MSG_AUW,   cloud  
[2020/08/01 21:21:59 167] isr        1559 6400  2  
[2020/08/01 21:21:59 213] isr        662  cloud_rslt_cb status =   0  
[2020/08/01 21:21:59 214] isr        641  process_result call:  cloud  udata(28d6210) 0  nil  
[2020/08/01 21:21:59 368] isr        1547 ASR_MSG_AUW,   cloud  
[2020/08/01 21:21:59 368] isr        1559 7420  2  
[2020/08/01 21:21:59 569] isr        1547 ASR_MSG_AUW,   cloud  
[2020/08/01 21:21:59 569] isr        1559 0  4  
[2020/08/01 21:21:59 569] isr        1592 aud end, USER  
[2020/08/01 21:21:59 571] isr        1636 ASR_MSG_GRSLT,   cloud  
[2020/08/01 21:21:59 571] isr        1335 0  udata(28d6210) 0  
[2020/08/01 21:21:59 572] isr        854  [aud] speech end  
[2020/08/01 21:21:59 573] isr        798  3  msc  
[2020/08/01 21:21:59 611] isr        700  cloud_status_cb, eps:  3  
[2020/08/01 21:21:59 611] isr        798  3  cloud  
[2020/08/01 21:21:59 612] isr        800  already speech end  
[2020/08/01 21:21:59 615] isr        662  cloud_rslt_cb status =   5  
[2020/08/01 21:21:59 615] isr        641  process_result call:  cloud  udata(28d6d80) 5  nil  
[2020/08/01 21:21:59 615] isr        798  3  msc  
[2020/08/01 21:21:59 615] isr        800  already speech end  
[2020/08/01 21:21:59 723] isr        1636 ASR_MSG_GRSLT,   cloud  
[2020/08/01 21:21:59 723] isr        1335 0  udata(28d6d80) 5  
[2020/08/01 21:21:59 877] isr        1639 ASR_MSG_SSE,   cloud  
[2020/08/01 21:21:59 877] isr        1356 session_end() [in]  
[2020/08/01 21:21:59 877] isr        1421 cloud_session_end() [in]  
[2020/08/01 21:21:59 878] isr        1488 ns_host=  open.xf-yun.com  
[2020/08/01 21:21:59 878] isr        1498 tick()mod=  97277843  
[2020/08/01 21:21:59 878] isr        1499 tick()=  97277843  
[2020/08/01 21:21:59 878] isr        1501 diff=  4859  
[2020/08/01 21:21:59 878] isr        1514 cloud_session_end() [out]  
[2020/08/01 21:21:59 880] isr        1667 isr unload!  
============================================================
Time  2020/08/01 21:22:29 536 
============================================================
[2020/08/01 21:22:29 536] isr        1659 isr loaded!  
[2020/08/01 21:22:29 536] isr        1642 SYS_MSG_REGCB param0 =   msp_status_cb  param1 =   func(2b59188) 
[2020/08/01 21:22:29 536] isr        1537 ASR_MSG_SSB  
[2020/08/01 21:22:29 536] isr        1066 session_begin() [in], params:   sub = iat, domain = iat, language = zh_cn, accent = mandarin, sample_rate = 16000, result_type = plain, result_encoding = gb2312Íýýýý  nil  
[2020/08/01 21:22:29 536] isr        927  vad_set [in]  
[2020/08/01 21:22:29 536] isr        962  vad_enable :  true  
[2020/08/01 21:22:29 536] isr        980  vad_bos :  10000  
[2020/08/01 21:22:29 536] isr        981  vad_eos :  2000  
[2020/08/01 21:22:29 536] isr        886  enable_vad [in]  
[2020/08/01 21:22:29 538] isr        918  vad enabled!  2000  10000  
[2020/08/01 21:22:29 538] isr        921  enable_vad [out]  
[2020/08/01 21:22:29 538] isr        987  vad_set [out] | ret =  0  
[2020/08/01 21:22:29 538] isr        1187 cur_engine_type =   cloud  
[2020/08/01 21:22:29 538] isr        1001 cloud_session_begin  
[2020/08/01 21:22:29 538] isr        1013 unknown  
[2020/08/01 21:22:29 753] isr        1547 ASR_MSG_AUW,   cloud  
[2020/08/01 21:22:29 753] isr        1559 6400  1  
[2020/08/01 21:22:29 753] isr        1569 once_bytes:   6400  
[2020/08/01 21:22:29 756] isr        851  [aud] speech start  
[2020/08/01 21:22:29 757] isr        798  1  msc  
[2020/08/01 21:22:29 953] isr        1547 ASR_MSG_AUW,   cloud  
[2020/08/01 21:22:29 953] isr        1559 6400  2  
[2020/08/01 21:22:29 990] isr        700  cloud_status_cb, eps:  1  
[2020/08/01 21:22:29 990] isr        798  1  cloud  
[2020/08/01 21:22:29 990] isr        813  cloud eps ignored  
[2020/08/01 21:22:30 153] isr        1547 ASR_MSG_AUW,   cloud  
[2020/08/01 21:22:30 153] isr        1559 6400  2  
[2020/08/01 21:22:30 355] isr        1547 ASR_MSG_AUW,   cloud  
[2020/08/01 21:22:30 355] isr        1559 6400  2  
[2020/08/01 21:22:30 553] isr        1547 ASR_MSG_AUW,   cloud  
[2020/08/01 21:22:30 553] isr        1559 6400  2  
[2020/08/01 21:22:30 755] isr        1547 ASR_MSG_AUW,   cloud  
[2020/08/01 21:22:30 755] isr        1559 6400  2  
[2020/08/01 21:22:30 953] isr        1547 ASR_MSG_AUW,   cloud  
[2020/08/01 21:22:30 953] isr        1559 6400  2  
[2020/08/01 21:22:31 154] isr        1547 ASR_MSG_AUW,   cloud  
[2020/08/01 21:22:31 154] isr        1559 6400  2  
[2020/08/01 21:22:31 354] isr        1547 ASR_MSG_AUW,   cloud  
[2020/08/01 21:22:31 354] isr        1559 6400  2  
[2020/08/01 21:22:31 553] isr        1547 ASR_MSG_AUW,   cloud  
[2020/08/01 21:22:31 553] isr        1559 6400  2  
[2020/08/01 21:22:31 753] isr        1547 ASR_MSG_AUW,   cloud  
[2020/08/01 21:22:31 753] isr        1559 6400  2  
[2020/08/01 21:22:31 953] isr        1547 ASR_MSG_AUW,   cloud  
[2020/08/01 21:22:31 953] isr        1559 6400  2  
[2020/08/01 21:22:32 153] isr        1547 ASR_MSG_AUW,   cloud  
[2020/08/01 21:22:32 153] isr        1559 6400  2  
[2020/08/01 21:22:32 352] isr        1547 ASR_MSG_AUW,   cloud  
[2020/08/01 21:22:32 354] isr        1559 6400  2  
[2020/08/01 21:22:32 552] isr        1547 ASR_MSG_AUW,   cloud  
[2020/08/01 21:22:32 552] isr        1559 6400  2  
[2020/08/01 21:22:32 753] isr        1547 ASR_MSG_AUW,   cloud  
[2020/08/01 21:22:32 753] isr        1559 6400  2  
[2020/08/01 21:22:32 953] isr        1547 ASR_MSG_AUW,   cloud  
[2020/08/01 21:22:32 953] isr        1559 6400  2  
[2020/08/01 21:22:33 153] isr        1547 ASR_MSG_AUW,   cloud  
[2020/08/01 21:22:33 154] isr        1559 6400  2  
[2020/08/01 21:22:33 352] isr        1547 ASR_MSG_AUW,   cloud  
[2020/08/01 21:22:33 352] isr        1559 6400  2  
[2020/08/01 21:22:33 553] isr        1547 ASR_MSG_AUW,   cloud  
[2020/08/01 21:22:33 553] isr        1559 6400  2  
[2020/08/01 21:22:33 753] isr        1547 ASR_MSG_AUW,   cloud  
[2020/08/01 21:22:33 753] isr        1559 6400  2  
[2020/08/01 21:22:33 786] isr        662  cloud_rslt_cb status =   0  
[2020/08/01 21:22:33 786] isr        641  process_result call:  cloud  udata(401fbe0) 0  nil  
[2020/08/01 21:22:33 953] isr        1547 ASR_MSG_AUW,   cloud  
[2020/08/01 21:22:33 953] isr        1559 6400  2  
[2020/08/01 21:22:34 154] isr        1547 ASR_MSG_AUW,   cloud  
[2020/08/01 21:22:34 154] isr        1559 6400  2  
[2020/08/01 21:22:34 154] isr        1636 ASR_MSG_GRSLT,   cloud  
[2020/08/01 21:22:34 154] isr        1335 0  udata(401fbe0) 0  
[2020/08/01 21:22:34 352] isr        1547 ASR_MSG_AUW,   cloud  
[2020/08/01 21:22:34 354] isr        1559 6400  2  
[2020/08/01 21:22:34 354] isr        1636 ASR_MSG_GRSLT,   cloud  
[2020/08/01 21:22:34 354] isr        1335 0  nil  2  
[2020/08/01 21:22:34 553] isr        1547 ASR_MSG_AUW,   cloud  
[2020/08/01 21:22:34 553] isr        1559 6400  2  
[2020/08/01 21:22:34 753] isr        1547 ASR_MSG_AUW,   cloud  
[2020/08/01 21:22:34 753] isr        1559 6400  2  
[2020/08/01 21:22:34 953] isr        1547 ASR_MSG_AUW,   cloud  
[2020/08/01 21:22:34 953] isr        1559 6400  2  
[2020/08/01 21:22:34 956] isr        854  [aud] speech end  
[2020/08/01 21:22:34 956] isr        798  3  msc  
[2020/08/01 21:22:34 956] isr        864  aud end, MSC VAD  
[2020/08/01 21:22:34 999] isr        700  cloud_status_cb, eps:  3  
[2020/08/01 21:22:34 999] isr        798  3  cloud  
[2020/08/01 21:22:34 999] isr        800  already speech end  
[2020/08/01 21:22:35 003] isr        662  cloud_rslt_cb status =   5  
[2020/08/01 21:22:35 003] isr        641  process_result call:  cloud  nil  5  nil  
[2020/08/01 21:22:35 003] isr        798  3  msc  
[2020/08/01 21:22:35 003] isr        800  already speech end  
[2020/08/01 21:22:35 154] isr        1547 ASR_MSG_AUW,   cloud  
[2020/08/01 21:22:35 154] isr        1559 6400  2  
[2020/08/01 21:22:35 164] isr        1636 ASR_MSG_GRSLT,   cloud  
[2020/08/01 21:22:35 164] isr        1335 0  nil  5  
[2020/08/01 21:22:35 266] isr        1639 ASR_MSG_SSE,   cloud  
[2020/08/01 21:22:35 266] isr        1356 session_end() [in]  
[2020/08/01 21:22:35 266] isr        1421 cloud_session_end() [in]  
[2020/08/01 21:22:35 269] isr        1488 ns_host=  open.xf-yun.com  
[2020/08/01 21:22:35 269] isr        1498 tick()mod=  97313234  
[2020/08/01 21:22:35 269] isr        1499 tick()=  97313234  
[2020/08/01 21:22:35 269] isr        1501 diff=  5609  
[2020/08/01 21:22:35 269] isr        1514 cloud_session_end() [out]  
[2020/08/01 21:22:35 270] isr        1667 isr unload!  
============================================================
Time  2020/08/01 21:22:41 700 
============================================================
[2020/08/01 21:22:41 700] isr        1659 isr loaded!  
[2020/08/01 21:22:41 700] isr        1642 SYS_MSG_REGCB param0 =   msp_status_cb  param1 =   func(4006298) 
[2020/08/01 21:22:41 700] isr        1537 ASR_MSG_SSB  
[2020/08/01 21:22:41 700] isr        1066 session_begin() [in], params:   sub = iat, domain = iat, language = zh_cn, accent = mandarin, sample_rate = 16000, result_type = plain, result_encoding = gb2312Íýýýý  nil  
[2020/08/01 21:22:41 700] isr        927  vad_set [in]  
[2020/08/01 21:22:41 700] isr        962  vad_enable :  true  
[2020/08/01 21:22:41 700] isr        980  vad_bos :  10000  
[2020/08/01 21:22:41 700] isr        981  vad_eos :  2000  
[2020/08/01 21:22:41 700] isr        886  enable_vad [in]  
[2020/08/01 21:22:41 700] isr        918  vad enabled!  2000  10000  
[2020/08/01 21:22:41 700] isr        921  enable_vad [out]  
[2020/08/01 21:22:41 700] isr        987  vad_set [out] | ret =  0  
[2020/08/01 21:22:41 700] isr        1187 cur_engine_type =   cloud  
[2020/08/01 21:22:41 700] isr        1001 cloud_session_begin  
[2020/08/01 21:22:41 701] isr        1013 unknown  
[2020/08/01 21:22:41 894] isr        1547 ASR_MSG_AUW,   cloud  
[2020/08/01 21:22:41 894] isr        1559 6400  1  
[2020/08/01 21:22:41 894] isr        1569 once_bytes:   6400  
[2020/08/01 21:22:41 897] isr        851  [aud] speech start  
[2020/08/01 21:22:41 897] isr        798  1  msc  
[2020/08/01 21:22:42 095] isr        1547 ASR_MSG_AUW,   cloud  
[2020/08/01 21:22:42 095] isr        1559 6400  2  
[2020/08/01 21:22:42 128] isr        700  cloud_status_cb, eps:  1  
[2020/08/01 21:22:42 130] isr        798  1  cloud  
[2020/08/01 21:22:42 130] isr        813  cloud eps ignored  
[2020/08/01 21:22:42 296] isr        1547 ASR_MSG_AUW,   cloud  
[2020/08/01 21:22:42 296] isr        1559 6400  2  
[2020/08/01 21:22:42 494] isr        1547 ASR_MSG_AUW,   cloud  
[2020/08/01 21:22:42 494] isr        1559 6400  2  
[2020/08/01 21:22:42 696] isr        1547 ASR_MSG_AUW,   cloud  
[2020/08/01 21:22:42 696] isr        1559 6400  2  
[2020/08/01 21:22:42 894] isr        1547 ASR_MSG_AUW,   cloud  
[2020/08/01 21:22:42 894] isr        1559 6400  2  
[2020/08/01 21:22:43 095] isr        1547 ASR_MSG_AUW,   cloud  
[2020/08/01 21:22:43 095] isr        1559 6400  2  
[2020/08/01 21:22:43 295] isr        1547 ASR_MSG_AUW,   cloud  
[2020/08/01 21:22:43 296] isr        1559 6400  2  
[2020/08/01 21:22:43 494] isr        1547 ASR_MSG_AUW,   cloud  
[2020/08/01 21:22:43 494] isr        1559 6400  2  
[2020/08/01 21:22:43 694] isr        1547 ASR_MSG_AUW,   cloud  
[2020/08/01 21:22:43 694] isr        1559 6400  2  
[2020/08/01 21:22:43 894] isr        1547 ASR_MSG_AUW,   cloud  
[2020/08/01 21:22:43 894] isr        1559 6400  2  
[2020/08/01 21:22:44 095] isr        1547 ASR_MSG_AUW,   cloud  
[2020/08/01 21:22:44 095] isr        1559 6400  2  
[2020/08/01 21:22:44 295] isr        1547 ASR_MSG_AUW,   cloud  
[2020/08/01 21:22:44 295] isr        1559 6400  2  
[2020/08/01 21:22:44 494] isr        1547 ASR_MSG_AUW,   cloud  
[2020/08/01 21:22:44 494] isr        1559 6400  2  
[2020/08/01 21:22:44 694] isr        1547 ASR_MSG_AUW,   cloud  
[2020/08/01 21:22:44 694] isr        1559 6400  2  
[2020/08/01 21:22:44 894] isr        1547 ASR_MSG_AUW,   cloud  
[2020/08/01 21:22:44 894] isr        1559 6400  2  
[2020/08/01 21:22:45 095] isr        1547 ASR_MSG_AUW,   cloud  
[2020/08/01 21:22:45 095] isr        1559 6400  2  
[2020/08/01 21:22:45 295] isr        1547 ASR_MSG_AUW,   cloud  
[2020/08/01 21:22:45 295] isr        1559 6400  2  
[2020/08/01 21:22:45 493] isr        1547 ASR_MSG_AUW,   cloud  
[2020/08/01 21:22:45 493] isr        1559 6400  2  
[2020/08/01 21:22:45 697] isr        1547 ASR_MSG_AUW,   cloud  
[2020/08/01 21:22:45 697] isr        1559 6400  2  
[2020/08/01 21:22:45 894] isr        1547 ASR_MSG_AUW,   cloud  
[2020/08/01 21:22:45 894] isr        1559 6400  2  
[2020/08/01 21:22:46 095] isr        1547 ASR_MSG_AUW,   cloud  
[2020/08/01 21:22:46 095] isr        1559 6400  2  
[2020/08/01 21:22:46 296] isr        1547 ASR_MSG_AUW,   cloud  
[2020/08/01 21:22:46 296] isr        1559 6400  2  
[2020/08/01 21:22:46 496] isr        1547 ASR_MSG_AUW,   cloud  
[2020/08/01 21:22:46 496] isr        1559 6400  2  
[2020/08/01 21:22:46 694] isr        1547 ASR_MSG_AUW,   cloud  
[2020/08/01 21:22:46 694] isr        1559 6400  2  
[2020/08/01 21:22:46 897] isr        1547 ASR_MSG_AUW,   cloud  
[2020/08/01 21:22:46 897] isr        1559 6400  2  
[2020/08/01 21:22:47 095] isr        1547 ASR_MSG_AUW,   cloud  
[2020/08/01 21:22:47 095] isr        1559 6400  2  
[2020/08/01 21:22:47 295] isr        1547 ASR_MSG_AUW,   cloud  
[2020/08/01 21:22:47 295] isr        1559 6400  2  
[2020/08/01 21:22:47 494] isr        1547 ASR_MSG_AUW,   cloud  
[2020/08/01 21:22:47 549] isr        1559 6400  2  
[2020/08/01 21:22:47 696] isr        1547 ASR_MSG_AUW,   cloud  
[2020/08/01 21:22:47 697] isr        1559 6400  2  
[2020/08/01 21:22:47 894] isr        1547 ASR_MSG_AUW,   cloud  
[2020/08/01 21:22:47 894] isr        1559 6400  2  
[2020/08/01 21:22:48 095] isr        1547 ASR_MSG_AUW,   cloud  
[2020/08/01 21:22:48 095] isr        1559 6400  2  
[2020/08/01 21:22:48 295] isr        1547 ASR_MSG_AUW,   cloud  
[2020/08/01 21:22:48 295] isr        1559 6400  2  
[2020/08/01 21:22:48 494] isr        1547 ASR_MSG_AUW,   cloud  
[2020/08/01 21:22:48 494] isr        1559 6400  2  
[2020/08/01 21:22:48 696] isr        1547 ASR_MSG_AUW,   cloud  
[2020/08/01 21:22:48 696] isr        1559 6400  2  
[2020/08/01 21:22:48 895] isr        1547 ASR_MSG_AUW,   cloud  
[2020/08/01 21:22:48 895] isr        1559 6400  2  
[2020/08/01 21:22:49 095] isr        1547 ASR_MSG_AUW,   cloud  
[2020/08/01 21:22:49 095] isr        1559 6400  2  
[2020/08/01 21:22:49 295] isr        1547 ASR_MSG_AUW,   cloud  
[2020/08/01 21:22:49 295] isr        1559 6400  2  
[2020/08/01 21:22:49 494] isr        1547 ASR_MSG_AUW,   cloud  
[2020/08/01 21:22:49 494] isr        1559 6400  2  
[2020/08/01 21:22:49 696] isr        1547 ASR_MSG_AUW,   cloud  
[2020/08/01 21:22:49 696] isr        1559 6400  2  
[2020/08/01 21:22:49 894] isr        1547 ASR_MSG_AUW,   cloud  
[2020/08/01 21:22:49 894] isr        1559 6400  2  
[2020/08/01 21:22:50 095] isr        1547 ASR_MSG_AUW,   cloud  
[2020/08/01 21:22:50 095] isr        1559 6400  2  
[2020/08/01 21:22:50 295] isr        1547 ASR_MSG_AUW,   cloud  
[2020/08/01 21:22:50 295] isr        1559 6400  2  
[2020/08/01 21:22:50 494] isr        1547 ASR_MSG_AUW,   cloud  
[2020/08/01 21:22:50 494] isr        1559 6400  2  
[2020/08/01 21:22:50 694] isr        1547 ASR_MSG_AUW,   cloud  
[2020/08/01 21:22:50 694] isr        1559 6400  2  
[2020/08/01 21:22:50 894] isr        1547 ASR_MSG_AUW,   cloud  
[2020/08/01 21:22:50 894] isr        1559 6400  2  
[2020/08/01 21:22:51 095] isr        1547 ASR_MSG_AUW,   cloud  
[2020/08/01 21:22:51 095] isr        1559 6400  2  
[2020/08/01 21:22:51 293] isr        1547 ASR_MSG_AUW,   cloud  
[2020/08/01 21:22:51 293] isr        1559 6400  2  
[2020/08/01 21:22:51 494] isr        1547 ASR_MSG_AUW,   cloud  
[2020/08/01 21:22:51 494] isr        1559 6400  2  
[2020/08/01 21:22:51 694] isr        1547 ASR_MSG_AUW,   cloud  
[2020/08/01 21:22:51 694] isr        1559 6400  2  
[2020/08/01 21:22:51 894] isr        1547 ASR_MSG_AUW,   cloud  
[2020/08/01 21:22:51 894] isr        1559 6400  2  
[2020/08/01 21:22:52 095] isr        1547 ASR_MSG_AUW,   cloud  
[2020/08/01 21:22:52 095] isr        1559 6400  2  
[2020/08/01 21:22:52 295] isr        1547 ASR_MSG_AUW,   cloud  
[2020/08/01 21:22:52 295] isr        1559 6400  2  
[2020/08/01 21:22:52 496] isr        1547 ASR_MSG_AUW,   cloud  
[2020/08/01 21:22:52 496] isr        1559 6400  2  
[2020/08/01 21:22:52 549] isr        662  cloud_rslt_cb status =   5  
[2020/08/01 21:22:52 549] isr        641  process_result call:  cloud  nil  5  nil  
[2020/08/01 21:22:52 549] isr        798  3  msc  
[2020/08/01 21:22:52 694] isr        1547 ASR_MSG_AUW,   cloud  
[2020/08/01 21:22:52 694] isr        1559 6400  2  
[2020/08/01 21:22:52 706] isr        1636 ASR_MSG_GRSLT,   cloud  
[2020/08/01 21:22:52 706] isr        1335 0  nil  5  
[2020/08/01 21:22:52 808] isr        1639 ASR_MSG_SSE,   cloud  
[2020/08/01 21:22:52 808] isr        1356 session_end() [in]  
[2020/08/01 21:22:52 808] isr        1421 cloud_session_end() [in]  
[2020/08/01 21:22:52 809] isr        1488 ns_host=  open.xf-yun.com  
[2020/08/01 21:22:52 809] isr        1498 tick()mod=  97330765  
[2020/08/01 21:22:52 809] isr        1499 tick()=  97330765  
[2020/08/01 21:22:52 809] isr        1501 diff=  23140  
[2020/08/01 21:22:52 809] isr        1514 cloud_session_end() [out]  
[2020/08/01 21:22:52 811] isr        1667 isr unload!  
============================================================
Time  2020/08/01 21:23:12 494 
============================================================
[2020/08/01 21:23:12 496] isr        1659 isr loaded!  
[2020/08/01 21:23:12 496] isr        1642 SYS_MSG_REGCB param0 =   msp_status_cb  param1 =   func(26d4df8) 
[2020/08/01 21:23:12 496] isr        1537 ASR_MSG_SSB  
[2020/08/01 21:23:12 496] isr        1066 session_begin() [in], params:   sub = iat, domain = iat, language = zh_cn, accent = mandarin, sample_rate = 16000, result_type = plain, result_encoding = gb2312  nil  
[2020/08/01 21:23:12 496] isr        927  vad_set [in]  
[2020/08/01 21:23:12 496] isr        962  vad_enable :  true  
[2020/08/01 21:23:12 496] isr        980  vad_bos :  10000  
[2020/08/01 21:23:12 496] isr        981  vad_eos :  2000  
[2020/08/01 21:23:12 496] isr        886  enable_vad [in]  
[2020/08/01 21:23:12 496] isr        918  vad enabled!  2000  10000  
[2020/08/01 21:23:12 496] isr        921  enable_vad [out]  
[2020/08/01 21:23:12 496] isr        987  vad_set [out] | ret =  0  
[2020/08/01 21:23:12 497] isr        1187 cur_engine_type =   cloud  
[2020/08/01 21:23:12 497] isr        1001 cloud_session_begin  
[2020/08/01 21:23:12 497] isr        1013 unknown  
[2020/08/01 21:23:12 500] isr        1547 ASR_MSG_AUW,   cloud  
[2020/08/01 21:23:12 500] isr        1559 6400  1  
[2020/08/01 21:23:12 500] isr        1569 once_bytes:   6400  
[2020/08/01 21:23:12 502] isr        851  [aud] speech start  
[2020/08/01 21:23:12 502] isr        798  1  msc  
[2020/08/01 21:23:12 701] isr        1547 ASR_MSG_AUW,   cloud  
[2020/08/01 21:23:12 701] isr        1559 6400  2  
[2020/08/01 21:23:12 740] isr        700  cloud_status_cb, eps:  1  
[2020/08/01 21:23:12 740] isr        798  1  cloud  
[2020/08/01 21:23:12 740] isr        813  cloud eps ignored  
[2020/08/01 21:23:12 901] isr        1547 ASR_MSG_AUW,   cloud  
[2020/08/01 21:23:12 901] isr        1559 6400  2  
[2020/08/01 21:23:13 102] isr        1547 ASR_MSG_AUW,   cloud  
[2020/08/01 21:23:13 102] isr        1559 6400  2  
[2020/08/01 21:23:13 305] isr        1547 ASR_MSG_AUW,   cloud  
[2020/08/01 21:23:13 305] isr        1559 6400  2  
[2020/08/01 21:23:13 506] isr        1547 ASR_MSG_AUW,   cloud  
[2020/08/01 21:23:13 506] isr        1559 6400  2  
[2020/08/01 21:23:13 707] isr        1547 ASR_MSG_AUW,   cloud  
[2020/08/01 21:23:13 707] isr        1559 6400  2  
[2020/08/01 21:23:13 908] isr        1547 ASR_MSG_AUW,   cloud  
[2020/08/01 21:23:13 908] isr        1559 6400  2  
[2020/08/01 21:23:14 109] isr        1547 ASR_MSG_AUW,   cloud  
[2020/08/01 21:23:14 109] isr        1559 6400  2  
[2020/08/01 21:23:14 311] isr        1547 ASR_MSG_AUW,   cloud  
[2020/08/01 21:23:14 311] isr        1559 6400  2  
[2020/08/01 21:23:14 513] isr        1547 ASR_MSG_AUW,   cloud  
[2020/08/01 21:23:14 513] isr        1559 6400  2  
[2020/08/01 21:23:14 713] isr        1547 ASR_MSG_AUW,   cloud  
[2020/08/01 21:23:14 713] isr        1559 6400  2  
[2020/08/01 21:23:14 914] isr        1547 ASR_MSG_AUW,   cloud  
[2020/08/01 21:23:14 915] isr        1559 6400  2  
[2020/08/01 21:23:15 117] isr        1547 ASR_MSG_AUW,   cloud  
[2020/08/01 21:23:15 117] isr        1559 6400  2  
[2020/08/01 21:23:15 318] isr        1547 ASR_MSG_AUW,   cloud  
[2020/08/01 21:23:15 318] isr        1559 6400  2  
[2020/08/01 21:23:15 519] isr        1547 ASR_MSG_AUW,   cloud  
[2020/08/01 21:23:15 519] isr        1559 6400  2  
[2020/08/01 21:23:15 720] isr        1547 ASR_MSG_AUW,   cloud  
[2020/08/01 21:23:15 720] isr        1559 6400  2  
[2020/08/01 21:23:15 921] isr        1547 ASR_MSG_AUW,   cloud  
[2020/08/01 21:23:15 921] isr        1559 6400  2  
[2020/08/01 21:23:16 122] isr        1547 ASR_MSG_AUW,   cloud  
[2020/08/01 21:23:16 122] isr        1559 6400  2  
[2020/08/01 21:23:16 323] isr        1547 ASR_MSG_AUW,   cloud  
[2020/08/01 21:23:16 323] isr        1559 6400  2  
[2020/08/01 21:23:16 525] isr        1547 ASR_MSG_AUW,   cloud  
[2020/08/01 21:23:16 525] isr        1559 6400  2  
[2020/08/01 21:23:16 726] isr        1547 ASR_MSG_AUW,   cloud  
[2020/08/01 21:23:16 726] isr        1559 6400  2  
[2020/08/01 21:23:16 789] isr        662  cloud_rslt_cb status =   0  
[2020/08/01 21:23:16 790] isr        641  process_result call:  cloud  udata(27e6968) 0  nil  
[2020/08/01 21:23:16 927] isr        1547 ASR_MSG_AUW,   cloud  
[2020/08/01 21:23:16 927] isr        1559 7420  2  
[2020/08/01 21:23:17 128] isr        1547 ASR_MSG_AUW,   cloud  
[2020/08/01 21:23:17 128] isr        1559 0  4  
[2020/08/01 21:23:17 128] isr        1592 aud end, USER  
[2020/08/01 21:23:17 128] isr        1636 ASR_MSG_GRSLT,   cloud  
[2020/08/01 21:23:17 128] isr        1335 0  udata(27e6968) 0  
[2020/08/01 21:23:17 130] isr        854  [aud] speech end  
[2020/08/01 21:23:17 131] isr        798  3  msc  
[2020/08/01 21:23:17 164] isr        700  cloud_status_cb, eps:  3  
[2020/08/01 21:23:17 164] isr        798  3  cloud  
[2020/08/01 21:23:17 164] isr        800  already speech end  
[2020/08/01 21:23:17 167] isr        662  cloud_rslt_cb status =   5  
[2020/08/01 21:23:17 167] isr        641  process_result call:  cloud  udata(27e7aa8) 5  nil  
[2020/08/01 21:23:17 167] isr        798  3  msc  
[2020/08/01 21:23:17 167] isr        800  already speech end  
[2020/08/01 21:23:17 279] isr        1636 ASR_MSG_GRSLT,   cloud  
[2020/08/01 21:23:17 279] isr        1335 0  udata(27e7aa8) 5  
[2020/08/01 21:23:17 433] isr        1639 ASR_MSG_SSE,   cloud  
[2020/08/01 21:23:17 433] isr        1356 session_end() [in]  
[2020/08/01 21:23:17 433] isr        1421 cloud_session_end() [in]  
[2020/08/01 21:23:17 434] isr        1488 ns_host=  open.xf-yun.com  
[2020/08/01 21:23:17 434] isr        1498 tick()mod=  97355390  
[2020/08/01 21:23:17 434] isr        1499 tick()=  97355390  
[2020/08/01 21:23:17 434] isr        1501 diff=  4859  
[2020/08/01 21:23:17 436] isr        1514 cloud_session_end() [out]  
[2020/08/01 21:23:17 437] isr        1667 isr unload!  
============================================================
Time  2020/08/01 21:23:43 703 
============================================================
[2020/08/01 21:23:43 703] isr        1659 isr loaded!  
[2020/08/01 21:23:43 703] isr        1642 SYS_MSG_REGCB param0 =   msp_status_cb  param1 =   func(2ce4330) 
[2020/08/01 21:23:43 703] isr        1537 ASR_MSG_SSB  
[2020/08/01 21:23:43 703] isr        1066 session_begin() [in], params:   sub = iat, domain = iat, language = zh_cn, accent = mandarin, sample_rate = 16000, result_type = plain, result_encoding = gb2312Íýýýý  nil  
[2020/08/01 21:23:43 703] isr        927  vad_set [in]  
[2020/08/01 21:23:43 703] isr        962  vad_enable :  true  
[2020/08/01 21:23:43 703] isr        980  vad_bos :  10000  
[2020/08/01 21:23:43 703] isr        981  vad_eos :  2000  
[2020/08/01 21:23:43 703] isr        886  enable_vad [in]  
[2020/08/01 21:23:43 707] isr        918  vad enabled!  2000  10000  
[2020/08/01 21:23:43 707] isr        921  enable_vad [out]  
[2020/08/01 21:23:43 707] isr        987  vad_set [out] | ret =  0  
[2020/08/01 21:23:43 707] isr        1187 cur_engine_type =   cloud  
[2020/08/01 21:23:43 707] isr        1001 cloud_session_begin  
[2020/08/01 21:23:43 707] isr        1013 unknown  
[2020/08/01 21:23:43 921] isr        1547 ASR_MSG_AUW,   cloud  
[2020/08/01 21:23:43 921] isr        1559 6400  1  
[2020/08/01 21:23:43 921] isr        1569 once_bytes:   6400  
[2020/08/01 21:23:43 924] isr        851  [aud] speech start  
[2020/08/01 21:23:43 924] isr        798  1  msc  
[2020/08/01 21:23:44 121] isr        1547 ASR_MSG_AUW,   cloud  
[2020/08/01 21:23:44 121] isr        1559 6400  2  
[2020/08/01 21:23:44 154] isr        700  cloud_status_cb, eps:  1  
[2020/08/01 21:23:44 154] isr        798  1  cloud  
[2020/08/01 21:23:44 154] isr        813  cloud eps ignored  
[2020/08/01 21:23:44 322] isr        1547 ASR_MSG_AUW,   cloud  
[2020/08/01 21:23:44 322] isr        1559 6400  2  
[2020/08/01 21:23:44 523] isr        1547 ASR_MSG_AUW,   cloud  
[2020/08/01 21:23:44 523] isr        1559 6400  2  
[2020/08/01 21:23:44 723] isr        1547 ASR_MSG_AUW,   cloud  
[2020/08/01 21:23:44 723] isr        1559 6400  2  
[2020/08/01 21:23:44 923] isr        1547 ASR_MSG_AUW,   cloud  
[2020/08/01 21:23:44 923] isr        1559 6400  2  
[2020/08/01 21:23:45 121] isr        1547 ASR_MSG_AUW,   cloud  
[2020/08/01 21:23:45 121] isr        1559 6400  2  
[2020/08/01 21:23:45 322] isr        1547 ASR_MSG_AUW,   cloud  
[2020/08/01 21:23:45 322] isr        1559 6400  2  
[2020/08/01 21:23:45 523] isr        1547 ASR_MSG_AUW,   cloud  
[2020/08/01 21:23:45 523] isr        1559 6400  2  
[2020/08/01 21:23:45 723] isr        1547 ASR_MSG_AUW,   cloud  
[2020/08/01 21:23:45 723] isr        1559 6400  2  
[2020/08/01 21:23:45 923] isr        1547 ASR_MSG_AUW,   cloud  
[2020/08/01 21:23:45 923] isr        1559 6400  2  
[2020/08/01 21:23:46 013] isr        1547 ASR_MSG_AUW,   cloud  
[2020/08/01 21:23:46 013] isr        1559 2818  2  
[2020/08/01 21:23:46 016] isr        1547 ASR_MSG_AUW,   cloud  
[2020/08/01 21:23:46 016] isr        1559 0  4  
[2020/08/01 21:23:46 017] isr        1592 aud end, USER  
[2020/08/01 21:23:46 017] isr        1636 ASR_MSG_GRSLT,   cloud  
[2020/08/01 21:23:46 019] isr        1335 0  nil  2  
[2020/08/01 21:23:46 019] isr        854  [aud] speech end  
[2020/08/01 21:23:46 020] isr        798  3  msc  
[2020/08/01 21:23:46 121] isr        1636 ASR_MSG_GRSLT,   cloud  
[2020/08/01 21:23:46 121] isr        1335 0  nil  2  
[2020/08/01 21:23:46 131] isr        700  cloud_status_cb, eps:  3  
[2020/08/01 21:23:46 131] isr        798  3  cloud  
[2020/08/01 21:23:46 131] isr        800  already speech end  
[2020/08/01 21:23:46 131] isr        662  cloud_rslt_cb status =   5  
[2020/08/01 21:23:46 132] isr        641  process_result call:  cloud  udata(2c3ed70) 5  nil  
[2020/08/01 21:23:46 132] isr        798  3  msc  
[2020/08/01 21:23:46 132] isr        800  already speech end  
[2020/08/01 21:23:46 221] isr        1636 ASR_MSG_GRSLT,   cloud  
[2020/08/01 21:23:46 221] isr        1335 0  udata(2c3ed70) 5  
[2020/08/01 21:23:46 323] isr        1639 ASR_MSG_SSE,   cloud  
[2020/08/01 21:23:46 323] isr        1356 session_end() [in]  
[2020/08/01 21:23:46 323] isr        1421 cloud_session_end() [in]  
[2020/08/01 21:23:46 326] isr        1488 ns_host=  open.xf-yun.com  
[2020/08/01 21:23:46 326] isr        1498 tick()mod=  97384281  
[2020/08/01 21:23:46 326] isr        1499 tick()=  97384281  
[2020/08/01 21:23:46 326] isr        1501 diff=  2531  
[2020/08/01 21:23:46 326] isr        1514 cloud_session_end() [out]  
[2020/08/01 21:23:46 328] isr        1667 isr unload!  
============================================================
Time  2020/08/01 21:23:51 503 
============================================================
[2020/08/01 21:23:51 503] isr        1659 isr loaded!  
[2020/08/01 21:23:51 503] isr        1642 SYS_MSG_REGCB param0 =   msp_status_cb  param1 =   func(3882df8) 
[2020/08/01 21:23:51 505] isr        1537 ASR_MSG_SSB  
[2020/08/01 21:23:51 505] isr        1066 session_begin() [in], params:   sub = iat, domain = iat, language = zh_cn, accent = mandarin, sample_rate = 16000, result_type = plain, result_encoding = gb2312Íýýýý  nil  
[2020/08/01 21:23:51 505] isr        927  vad_set [in]  
[2020/08/01 21:23:51 505] isr        962  vad_enable :  true  
[2020/08/01 21:23:51 505] isr        980  vad_bos :  10000  
[2020/08/01 21:23:51 505] isr        981  vad_eos :  2000  
[2020/08/01 21:23:51 505] isr        886  enable_vad [in]  
[2020/08/01 21:23:51 505] isr        918  vad enabled!  2000  10000  
[2020/08/01 21:23:51 505] isr        921  enable_vad [out]  
[2020/08/01 21:23:51 505] isr        987  vad_set [out] | ret =  0  
[2020/08/01 21:23:51 505] isr        1187 cur_engine_type =   cloud  
[2020/08/01 21:23:51 505] isr        1001 cloud_session_begin  
[2020/08/01 21:23:51 505] isr        1013 unknown  
[2020/08/01 21:23:51 698] isr        1547 ASR_MSG_AUW,   cloud  
[2020/08/01 21:23:51 698] isr        1559 6400  1  
[2020/08/01 21:23:51 698] isr        1569 once_bytes:   6400  
[2020/08/01 21:23:51 700] isr        851  [aud] speech start  
[2020/08/01 21:23:51 700] isr        798  1  msc  
[2020/08/01 21:23:51 900] isr        1547 ASR_MSG_AUW,   cloud  
[2020/08/01 21:23:51 900] isr        1559 6400  2  
[2020/08/01 21:23:51 937] isr        700  cloud_status_cb, eps:  1  
[2020/08/01 21:23:51 937] isr        798  1  cloud  
[2020/08/01 21:23:51 937] isr        813  cloud eps ignored  
[2020/08/01 21:23:52 098] isr        1547 ASR_MSG_AUW,   cloud  
[2020/08/01 21:23:52 098] isr        1559 6400  2  
[2020/08/01 21:23:52 301] isr        1547 ASR_MSG_AUW,   cloud  
[2020/08/01 21:23:52 302] isr        1559 6400  2  
[2020/08/01 21:23:52 499] isr        1547 ASR_MSG_AUW,   cloud  
[2020/08/01 21:23:52 499] isr        1559 6400  2  
[2020/08/01 21:23:52 698] isr        1547 ASR_MSG_AUW,   cloud  
[2020/08/01 21:23:52 698] isr        1559 6400  2  
[2020/08/01 21:23:52 900] isr        1547 ASR_MSG_AUW,   cloud  
[2020/08/01 21:23:52 900] isr        1559 6400  2  
[2020/08/01 21:23:53 099] isr        1547 ASR_MSG_AUW,   cloud  
[2020/08/01 21:23:53 099] isr        1559 6400  2  
[2020/08/01 21:23:53 299] isr        1547 ASR_MSG_AUW,   cloud  
[2020/08/01 21:23:53 299] isr        1559 6400  2  
[2020/08/01 21:23:53 500] isr        1547 ASR_MSG_AUW,   cloud  
[2020/08/01 21:23:53 500] isr        1559 6400  2  
[2020/08/01 21:23:53 697] isr        1547 ASR_MSG_AUW,   cloud  
[2020/08/01 21:23:53 697] isr        1559 6400  2  
[2020/08/01 21:23:53 898] isr        1547 ASR_MSG_AUW,   cloud  
[2020/08/01 21:23:53 898] isr        1559 6400  2  
[2020/08/01 21:23:54 099] isr        1547 ASR_MSG_AUW,   cloud  
[2020/08/01 21:23:54 099] isr        1559 6400  2  
[2020/08/01 21:23:54 299] isr        1547 ASR_MSG_AUW,   cloud  
[2020/08/01 21:23:54 299] isr        1559 6400  2  
[2020/08/01 21:23:54 499] isr        1547 ASR_MSG_AUW,   cloud  
[2020/08/01 21:23:54 499] isr        1559 6400  2  
[2020/08/01 21:23:54 698] isr        1547 ASR_MSG_AUW,   cloud  
[2020/08/01 21:23:54 698] isr        1559 6400  2  
[2020/08/01 21:23:54 898] isr        1547 ASR_MSG_AUW,   cloud  
[2020/08/01 21:23:54 898] isr        1559 6400  2  
[2020/08/01 21:23:55 098] isr        1547 ASR_MSG_AUW,   cloud  
[2020/08/01 21:23:55 098] isr        1559 6400  2  
[2020/08/01 21:23:55 299] isr        1547 ASR_MSG_AUW,   cloud  
[2020/08/01 21:23:55 299] isr        1559 6400  2  
[2020/08/01 21:23:55 499] isr        1547 ASR_MSG_AUW,   cloud  
[2020/08/01 21:23:55 499] isr        1559 6400  2  
[2020/08/01 21:23:55 700] isr        1547 ASR_MSG_AUW,   cloud  
[2020/08/01 21:23:55 700] isr        1559 6400  2  
[2020/08/01 21:23:55 898] isr        1547 ASR_MSG_AUW,   cloud  
[2020/08/01 21:23:55 898] isr        1559 6400  2  
[2020/08/01 21:23:56 098] isr        1547 ASR_MSG_AUW,   cloud  
[2020/08/01 21:23:56 098] isr        1559 6400  2  
[2020/08/01 21:23:56 299] isr        1547 ASR_MSG_AUW,   cloud  
[2020/08/01 21:23:56 299] isr        1559 6400  2  
[2020/08/01 21:23:56 500] isr        1547 ASR_MSG_AUW,   cloud  
[2020/08/01 21:23:56 500] isr        1559 6400  2  
[2020/08/01 21:23:56 698] isr        1547 ASR_MSG_AUW,   cloud  
[2020/08/01 21:23:56 698] isr        1559 6400  2  
[2020/08/01 21:23:56 898] isr        1547 ASR_MSG_AUW,   cloud  
[2020/08/01 21:23:56 898] isr        1559 6400  2  
[2020/08/01 21:23:57 099] isr        1547 ASR_MSG_AUW,   cloud  
[2020/08/01 21:23:57 099] isr        1559 6400  2  
[2020/08/01 21:23:57 299] isr        1547 ASR_MSG_AUW,   cloud  
[2020/08/01 21:23:57 299] isr        1559 6400  2  
[2020/08/01 21:23:57 499] isr        1547 ASR_MSG_AUW,   cloud  
[2020/08/01 21:23:57 499] isr        1559 6400  2  
[2020/08/01 21:23:57 698] isr        1547 ASR_MSG_AUW,   cloud  
[2020/08/01 21:23:57 700] isr        1559 6400  2  
[2020/08/01 21:23:57 898] isr        1547 ASR_MSG_AUW,   cloud  
[2020/08/01 21:23:57 898] isr        1559 6400  2  
[2020/08/01 21:23:57 937] isr        662  cloud_rslt_cb status =   0  
[2020/08/01 21:23:57 937] isr        641  process_result call:  cloud  udata(2c6e318) 0  nil  
[2020/08/01 21:23:58 101] isr        1547 ASR_MSG_AUW,   cloud  
[2020/08/01 21:23:58 101] isr        1559 6400  2  
[2020/08/01 21:23:58 299] isr        1547 ASR_MSG_AUW,   cloud  
[2020/08/01 21:23:58 299] isr        1559 6400  2  
[2020/08/01 21:23:58 299] isr        1636 ASR_MSG_GRSLT,   cloud  
[2020/08/01 21:23:58 299] isr        1335 0  udata(2c6e318) 0  
[2020/08/01 21:23:58 499] isr        1547 ASR_MSG_AUW,   cloud  
[2020/08/01 21:23:58 499] isr        1559 6400  2  
[2020/08/01 21:23:58 500] isr        1636 ASR_MSG_GRSLT,   cloud  
[2020/08/01 21:23:58 500] isr        1335 0  nil  2  
[2020/08/01 21:23:58 700] isr        1547 ASR_MSG_AUW,   cloud  
[2020/08/01 21:23:58 700] isr        1559 6400  2  
[2020/08/01 21:23:58 898] isr        1547 ASR_MSG_AUW,   cloud  
[2020/08/01 21:23:58 898] isr        1559 6400  2  
[2020/08/01 21:23:58 901] isr        854  [aud] speech end  
[2020/08/01 21:23:58 903] isr        798  3  msc  
[2020/08/01 21:23:58 903] isr        864  aud end, MSC VAD  
[2020/08/01 21:23:58 944] isr        700  cloud_status_cb, eps:  3  
[2020/08/01 21:23:58 944] isr        798  3  cloud  
[2020/08/01 21:23:58 944] isr        800  already speech end  
[2020/08/01 21:23:58 947] isr        662  cloud_rslt_cb status =   5  
[2020/08/01 21:23:58 947] isr        641  process_result call:  cloud  udata(2c6e498) 5  nil  
[2020/08/01 21:23:58 947] isr        798  3  msc  
[2020/08/01 21:23:58 947] isr        800  already speech end  
[2020/08/01 21:23:59 098] isr        1547 ASR_MSG_AUW,   cloud  
[2020/08/01 21:23:59 098] isr        1559 6400  2  
[2020/08/01 21:23:59 109] isr        1636 ASR_MSG_GRSLT,   cloud  
[2020/08/01 21:23:59 111] isr        1335 0  udata(2c6e498) 5  
[2020/08/01 21:23:59 213] isr        1639 ASR_MSG_SSE,   cloud  
[2020/08/01 21:23:59 213] isr        1356 session_end() [in]  
[2020/08/01 21:23:59 213] isr        1421 cloud_session_end() [in]  
[2020/08/01 21:23:59 214] isr        1488 ns_host=  open.xf-yun.com  
[2020/08/01 21:23:59 216] isr        1498 tick()mod=  97397171  
[2020/08/01 21:23:59 216] isr        1499 tick()=  97397171  
[2020/08/01 21:23:59 216] isr        1501 diff=  15421  
[2020/08/01 21:23:59 216] isr        1514 cloud_session_end() [out]  
[2020/08/01 21:23:59 217] isr        1667 isr unload!  
============================================================
Time  2020/08/01 21:24:20 255 
============================================================
[2020/08/01 21:24:20 255] isr        1659 isr loaded!  
[2020/08/01 21:24:20 255] isr        1642 SYS_MSG_REGCB param0 =   msp_status_cb  param1 =   func(2c15e00) 
[2020/08/01 21:24:20 255] isr        1537 ASR_MSG_SSB  
[2020/08/01 21:24:20 255] isr        1066 session_begin() [in], params:   sub = iat, domain = iat, language = zh_cn, accent = mandarin, sample_rate = 16000, result_type = plain, result_encoding = gb2312Íýýýý  nil  
[2020/08/01 21:24:20 255] isr        927  vad_set [in]  
[2020/08/01 21:24:20 255] isr        962  vad_enable :  true  
[2020/08/01 21:24:20 255] isr        980  vad_bos :  10000  
[2020/08/01 21:24:20 256] isr        981  vad_eos :  2000  
[2020/08/01 21:24:20 256] isr        886  enable_vad [in]  
[2020/08/01 21:24:20 256] isr        918  vad enabled!  2000  10000  
[2020/08/01 21:24:20 256] isr        921  enable_vad [out]  
[2020/08/01 21:24:20 256] isr        987  vad_set [out] | ret =  0  
[2020/08/01 21:24:20 256] isr        1187 cur_engine_type =   cloud  
[2020/08/01 21:24:20 256] isr        1001 cloud_session_begin  
[2020/08/01 21:24:20 256] isr        1013 unknown  
[2020/08/01 21:24:20 450] isr        1547 ASR_MSG_AUW,   cloud  
[2020/08/01 21:24:20 450] isr        1559 6400  1  
[2020/08/01 21:24:20 450] isr        1569 once_bytes:   6400  
[2020/08/01 21:24:20 450] isr        851  [aud] speech start  
[2020/08/01 21:24:20 450] isr        798  1  msc  
[2020/08/01 21:24:20 651] isr        1547 ASR_MSG_AUW,   cloud  
[2020/08/01 21:24:20 651] isr        1559 6400  2  
[2020/08/01 21:24:20 683] isr        700  cloud_status_cb, eps:  1  
[2020/08/01 21:24:20 683] isr        798  1  cloud  
[2020/08/01 21:24:20 683] isr        813  cloud eps ignored  
[2020/08/01 21:24:20 851] isr        1547 ASR_MSG_AUW,   cloud  
[2020/08/01 21:24:20 851] isr        1559 6400  2  
[2020/08/01 21:24:21 051] isr        1547 ASR_MSG_AUW,   cloud  
[2020/08/01 21:24:21 051] isr        1559 6400  2  
[2020/08/01 21:24:21 250] isr        1547 ASR_MSG_AUW,   cloud  
[2020/08/01 21:24:21 250] isr        1559 6400  2  
[2020/08/01 21:24:21 450] isr        1547 ASR_MSG_AUW,   cloud  
[2020/08/01 21:24:21 450] isr        1559 6400  2  
[2020/08/01 21:24:21 651] isr        1547 ASR_MSG_AUW,   cloud  
[2020/08/01 21:24:21 651] isr        1559 6400  2  
[2020/08/01 21:24:21 851] isr        1547 ASR_MSG_AUW,   cloud  
[2020/08/01 21:24:21 851] isr        1559 6400  2  
[2020/08/01 21:24:22 052] isr        1547 ASR_MSG_AUW,   cloud  
[2020/08/01 21:24:22 052] isr        1559 6400  2  
[2020/08/01 21:24:22 250] isr        1547 ASR_MSG_AUW,   cloud  
[2020/08/01 21:24:22 250] isr        1559 6400  2  
[2020/08/01 21:24:22 450] isr        1547 ASR_MSG_AUW,   cloud  
[2020/08/01 21:24:22 450] isr        1559 6400  2  
[2020/08/01 21:24:22 650] isr        1547 ASR_MSG_AUW,   cloud  
[2020/08/01 21:24:22 651] isr        1559 6400  2  
[2020/08/01 21:24:22 851] isr        1547 ASR_MSG_AUW,   cloud  
[2020/08/01 21:24:22 851] isr        1559 6400  2  
[2020/08/01 21:24:23 051] isr        1547 ASR_MSG_AUW,   cloud  
[2020/08/01 21:24:23 051] isr        1559 6400  2  
[2020/08/01 21:24:23 250] isr        1547 ASR_MSG_AUW,   cloud  
[2020/08/01 21:24:23 252] isr        1559 6400  2  
[2020/08/01 21:24:23 401] isr        1547 ASR_MSG_AUW,   cloud  
[2020/08/01 21:24:23 401] isr        1559 4480  2  
[2020/08/01 21:24:23 404] isr        1547 ASR_MSG_AUW,   cloud  
[2020/08/01 21:24:23 404] isr        1559 0  4  
[2020/08/01 21:24:23 404] isr        1592 aud end, USER  
[2020/08/01 21:24:23 405] isr        1636 ASR_MSG_GRSLT,   cloud  
[2020/08/01 21:24:23 405] isr        1335 0  nil  2  
[2020/08/01 21:24:23 407] isr        854  [aud] speech end  
[2020/08/01 21:24:23 407] isr        798  3  msc  
[2020/08/01 21:24:23 506] isr        1636 ASR_MSG_GRSLT,   cloud  
[2020/08/01 21:24:23 506] isr        1335 0  nil  2  
[2020/08/01 21:24:23 608] isr        1636 ASR_MSG_GRSLT,   cloud  
[2020/08/01 21:24:23 608] isr        1335 0  nil  2  
[2020/08/01 21:24:23 709] isr        1636 ASR_MSG_GRSLT,   cloud  
[2020/08/01 21:24:23 709] isr        1335 0  nil  2  
[2020/08/01 21:24:23 809] isr        1636 ASR_MSG_GRSLT,   cloud  
[2020/08/01 21:24:23 809] isr        1335 0  nil  2  
[2020/08/01 21:24:23 911] isr        1636 ASR_MSG_GRSLT,   cloud  
[2020/08/01 21:24:23 911] isr        1335 0  nil  2  
[2020/08/01 21:24:24 013] isr        1636 ASR_MSG_GRSLT,   cloud  
[2020/08/01 21:24:24 013] isr        1335 0  nil  2  
[2020/08/01 21:24:24 114] isr        1636 ASR_MSG_GRSLT,   cloud  
[2020/08/01 21:24:24 114] isr        1335 0  nil  2  
[2020/08/01 21:24:24 214] isr        1636 ASR_MSG_GRSLT,   cloud  
[2020/08/01 21:24:24 214] isr        1335 0  nil  2  
[2020/08/01 21:24:24 316] isr        1636 ASR_MSG_GRSLT,   cloud  
[2020/08/01 21:24:24 316] isr        1335 0  nil  2  
[2020/08/01 21:24:24 417] isr        1636 ASR_MSG_GRSLT,   cloud  
[2020/08/01 21:24:24 417] isr        1335 0  nil  2  
[2020/08/01 21:24:24 519] isr        1636 ASR_MSG_GRSLT,   cloud  
[2020/08/01 21:24:24 519] isr        1335 0  nil  2  
[2020/08/01 21:24:24 621] isr        1636 ASR_MSG_GRSLT,   cloud  
[2020/08/01 21:24:24 621] isr        1335 0  nil  2  
[2020/08/01 21:24:24 654] isr        700  cloud_status_cb, eps:  3  
[2020/08/01 21:24:24 654] isr        798  3  cloud  
[2020/08/01 21:24:24 654] isr        800  already speech end  
[2020/08/01 21:24:24 657] isr        662  cloud_rslt_cb status =   5  
[2020/08/01 21:24:24 657] isr        641  process_result call:  cloud  nil  5  nil  
[2020/08/01 21:24:24 657] isr        798  3  msc  
[2020/08/01 21:24:24 657] isr        800  already speech end  
[2020/08/01 21:24:24 721] isr        1636 ASR_MSG_GRSLT,   cloud  
[2020/08/01 21:24:24 721] isr        1335 0  nil  5  
[2020/08/01 21:24:24 822] isr        1639 ASR_MSG_SSE,   cloud  
[2020/08/01 21:24:24 822] isr        1356 session_end() [in]  
[2020/08/01 21:24:24 822] isr        1421 cloud_session_end() [in]  
[2020/08/01 21:24:24 825] isr        1488 ns_host=  open.xf-yun.com  
[2020/08/01 21:24:24 825] isr        1498 tick()mod=  97422781  
[2020/08/01 21:24:24 825] isr        1499 tick()=  97422781  
[2020/08/01 21:24:24 825] isr        1501 diff=  41031  
[2020/08/01 21:24:24 825] isr        1514 cloud_session_end() [out]  
[2020/08/01 21:24:24 826] isr        1667 isr unload!  
============================================================
Time  2020/08/01 21:24:43 671 
============================================================
[2020/08/01 21:24:43 671] isr        1659 isr loaded!  
[2020/08/01 21:24:43 671] isr        1642 SYS_MSG_REGCB param0 =   msp_status_cb  param1 =   func(2230650) 
[2020/08/01 21:24:43 673] isr        1537 ASR_MSG_SSB  
[2020/08/01 21:24:43 673] isr        1066 session_begin() [in], params:   sub = iat, domain = iat, language = zh_cn, accent = mandarin, sample_rate = 16000, result_type = plain, result_encoding = gb2312  nil  
[2020/08/01 21:24:43 673] isr        927  vad_set [in]  
[2020/08/01 21:24:43 673] isr        962  vad_enable :  true  
[2020/08/01 21:24:43 673] isr        980  vad_bos :  10000  
[2020/08/01 21:24:43 673] isr        981  vad_eos :  2000  
[2020/08/01 21:24:43 673] isr        886  enable_vad [in]  
[2020/08/01 21:24:43 674] isr        918  vad enabled!  2000  10000  
[2020/08/01 21:24:43 674] isr        921  enable_vad [out]  
[2020/08/01 21:24:43 674] isr        987  vad_set [out] | ret =  0  
[2020/08/01 21:24:43 674] isr        1187 cur_engine_type =   cloud  
[2020/08/01 21:24:43 674] isr        1001 cloud_session_begin  
[2020/08/01 21:24:43 674] isr        1013 unknown  
[2020/08/01 21:24:43 677] isr        1547 ASR_MSG_AUW,   cloud  
[2020/08/01 21:24:43 677] isr        1559 6400  1  
[2020/08/01 21:24:43 677] isr        1569 once_bytes:   6400  
[2020/08/01 21:24:43 678] isr        851  [aud] speech start  
[2020/08/01 21:24:43 678] isr        798  1  msc  
[2020/08/01 21:24:43 878] isr        1547 ASR_MSG_AUW,   cloud  
[2020/08/01 21:24:43 878] isr        1559 6400  2  
[2020/08/01 21:24:43 911] isr        700  cloud_status_cb, eps:  1  
[2020/08/01 21:24:43 911] isr        798  1  cloud  
[2020/08/01 21:24:43 911] isr        813  cloud eps ignored  
[2020/08/01 21:24:44 081] isr        1547 ASR_MSG_AUW,   cloud  
[2020/08/01 21:24:44 081] isr        1559 6400  2  
[2020/08/01 21:24:44 280] isr        1547 ASR_MSG_AUW,   cloud  
[2020/08/01 21:24:44 280] isr        1559 6400  2  
[2020/08/01 21:24:44 482] isr        1547 ASR_MSG_AUW,   cloud  
[2020/08/01 21:24:44 482] isr        1559 6400  2  
[2020/08/01 21:24:44 681] isr        1547 ASR_MSG_AUW,   cloud  
[2020/08/01 21:24:44 681] isr        1559 6400  2  
[2020/08/01 21:24:44 884] isr        1547 ASR_MSG_AUW,   cloud  
[2020/08/01 21:24:44 884] isr        1559 6400  2  
[2020/08/01 21:24:45 084] isr        1547 ASR_MSG_AUW,   cloud  
[2020/08/01 21:24:45 084] isr        1559 6400  2  
[2020/08/01 21:24:45 285] isr        1547 ASR_MSG_AUW,   cloud  
[2020/08/01 21:24:45 285] isr        1559 6400  2  
[2020/08/01 21:24:45 486] isr        1547 ASR_MSG_AUW,   cloud  
[2020/08/01 21:24:45 486] isr        1559 6400  2  
[2020/08/01 21:24:45 687] isr        1547 ASR_MSG_AUW,   cloud  
[2020/08/01 21:24:45 687] isr        1559 6400  2  
[2020/08/01 21:24:45 888] isr        1547 ASR_MSG_AUW,   cloud  
[2020/08/01 21:24:45 888] isr        1559 6400  2  
[2020/08/01 21:24:46 089] isr        1547 ASR_MSG_AUW,   cloud  
[2020/08/01 21:24:46 089] isr        1559 6400  2  
[2020/08/01 21:24:46 290] isr        1547 ASR_MSG_AUW,   cloud  
[2020/08/01 21:24:46 290] isr        1559 6400  2  
[2020/08/01 21:24:46 493] isr        1547 ASR_MSG_AUW,   cloud  
[2020/08/01 21:24:46 493] isr        1559 6400  2  
[2020/08/01 21:24:46 693] isr        1547 ASR_MSG_AUW,   cloud  
[2020/08/01 21:24:46 693] isr        1559 6400  2  
[2020/08/01 21:24:46 894] isr        1547 ASR_MSG_AUW,   cloud  
[2020/08/01 21:24:46 894] isr        1559 6400  2  
[2020/08/01 21:24:47 095] isr        1547 ASR_MSG_AUW,   cloud  
[2020/08/01 21:24:47 095] isr        1559 6400  2  
[2020/08/01 21:24:47 296] isr        1547 ASR_MSG_AUW,   cloud  
[2020/08/01 21:24:47 296] isr        1559 6400  2  
[2020/08/01 21:24:47 499] isr        1547 ASR_MSG_AUW,   cloud  
[2020/08/01 21:24:47 499] isr        1559 6400  2  
[2020/08/01 21:24:47 698] isr        1547 ASR_MSG_AUW,   cloud  
[2020/08/01 21:24:47 698] isr        1559 6400  2  
[2020/08/01 21:24:47 900] isr        1547 ASR_MSG_AUW,   cloud  
[2020/08/01 21:24:47 900] isr        1559 6400  2  
[2020/08/01 21:24:47 970] isr        662  cloud_rslt_cb status =   0  
[2020/08/01 21:24:47 970] isr        641  process_result call:  cloud  udata(23464a0) 0  nil  
[2020/08/01 21:24:48 101] isr        1547 ASR_MSG_AUW,   cloud  
[2020/08/01 21:24:48 101] isr        1559 7420  2  
[2020/08/01 21:24:48 302] isr        1547 ASR_MSG_AUW,   cloud  
[2020/08/01 21:24:48 302] isr        1559 0  4  
[2020/08/01 21:24:48 302] isr        1592 aud end, USER  
[2020/08/01 21:24:48 303] isr        1636 ASR_MSG_GRSLT,   cloud  
[2020/08/01 21:24:48 303] isr        1335 0  udata(23464a0) 0  
[2020/08/01 21:24:48 305] isr        854  [aud] speech end  
[2020/08/01 21:24:48 305] isr        798  3  msc  
[2020/08/01 21:24:48 335] isr        700  cloud_status_cb, eps:  3  
[2020/08/01 21:24:48 335] isr        798  3  cloud  
[2020/08/01 21:24:48 335] isr        800  already speech end  
[2020/08/01 21:24:48 338] isr        662  cloud_rslt_cb status =   5  
[2020/08/01 21:24:48 338] isr        641  process_result call:  cloud  udata(2347970) 5  nil  
[2020/08/01 21:24:48 338] isr        798  3  msc  
[2020/08/01 21:24:48 338] isr        800  already speech end  
[2020/08/01 21:24:48 454] isr        1636 ASR_MSG_GRSLT,   cloud  
[2020/08/01 21:24:48 454] isr        1335 0  udata(2347970) 5  
[2020/08/01 21:24:48 608] isr        1639 ASR_MSG_SSE,   cloud  
[2020/08/01 21:24:48 608] isr        1356 session_end() [in]  
[2020/08/01 21:24:48 608] isr        1421 cloud_session_end() [in]  
[2020/08/01 21:24:48 609] isr        1488 ns_host=  open.xf-yun.com  
[2020/08/01 21:24:48 609] isr        1498 tick()mod=  97446562  
[2020/08/01 21:24:48 609] isr        1499 tick()=  97446562  
[2020/08/01 21:24:48 611] isr        1501 diff=  4860  
[2020/08/01 21:24:48 611] isr        1514 cloud_session_end() [out]  
[2020/08/01 21:24:48 611] isr        1667 isr unload!  
============================================================
Time  2020/08/01 21:25:12 726 
============================================================
[2020/08/01 21:25:12 727] isr        1659 isr loaded!  
[2020/08/01 21:25:12 727] isr        1642 SYS_MSG_REGCB param0 =   msp_status_cb  param1 =   func(3d8ac68) 
[2020/08/01 21:25:12 727] isr        1537 ASR_MSG_SSB  
[2020/08/01 21:25:12 727] isr        1066 session_begin() [in], params:   sub = iat, domain = iat, language = zh_cn, accent = mandarin, sample_rate = 16000, result_type = plain, result_encoding = gb2312Íýýýý  nil  
[2020/08/01 21:25:12 727] isr        927  vad_set [in]  
[2020/08/01 21:25:12 727] isr        962  vad_enable :  true  
[2020/08/01 21:25:12 727] isr        980  vad_bos :  10000  
[2020/08/01 21:25:12 727] isr        981  vad_eos :  2000  
[2020/08/01 21:25:12 727] isr        886  enable_vad [in]  
[2020/08/01 21:25:12 729] isr        918  vad enabled!  2000  10000  
[2020/08/01 21:25:12 729] isr        921  enable_vad [out]  
[2020/08/01 21:25:12 729] isr        987  vad_set [out] | ret =  0  
[2020/08/01 21:25:12 729] isr        1187 cur_engine_type =   cloud  
[2020/08/01 21:25:12 729] isr        1001 cloud_session_begin  
[2020/08/01 21:25:12 729] isr        1013 unknown  
[2020/08/01 21:25:12 944] isr        1547 ASR_MSG_AUW,   cloud  
[2020/08/01 21:25:12 944] isr        1559 6400  1  
[2020/08/01 21:25:12 944] isr        1569 once_bytes:   6400  
[2020/08/01 21:25:12 947] isr        851  [aud] speech start  
[2020/08/01 21:25:12 947] isr        798  1  msc  
[2020/08/01 21:25:13 144] isr        1547 ASR_MSG_AUW,   cloud  
[2020/08/01 21:25:13 144] isr        1559 6400  2  
[2020/08/01 21:25:13 190] isr        700  cloud_status_cb, eps:  1  
[2020/08/01 21:25:13 190] isr        798  1  cloud  
[2020/08/01 21:25:13 190] isr        813  cloud eps ignored  
[2020/08/01 21:25:13 344] isr        1547 ASR_MSG_AUW,   cloud  
[2020/08/01 21:25:13 344] isr        1559 6400  2  
[2020/08/01 21:25:13 543] isr        1547 ASR_MSG_AUW,   cloud  
[2020/08/01 21:25:13 543] isr        1559 6400  2  
[2020/08/01 21:25:13 744] isr        1547 ASR_MSG_AUW,   cloud  
[2020/08/01 21:25:13 744] isr        1559 6400  2  
[2020/08/01 21:25:13 944] isr        1547 ASR_MSG_AUW,   cloud  
[2020/08/01 21:25:13 944] isr        1559 6400  2  
[2020/08/01 21:25:14 144] isr        1547 ASR_MSG_AUW,   cloud  
[2020/08/01 21:25:14 144] isr        1559 6400  2  
[2020/08/01 21:25:14 344] isr        1547 ASR_MSG_AUW,   cloud  
[2020/08/01 21:25:14 344] isr        1559 6400  2  
[2020/08/01 21:25:14 543] isr        1547 ASR_MSG_AUW,   cloud  
[2020/08/01 21:25:14 543] isr        1559 6400  2  
[2020/08/01 21:25:14 744] isr        1547 ASR_MSG_AUW,   cloud  
[2020/08/01 21:25:14 744] isr        1559 6400  2  
[2020/08/01 21:25:14 755] isr        1547 ASR_MSG_AUW,   cloud  
[2020/08/01 21:25:14 755] isr        1559 258  2  
[2020/08/01 21:25:14 756] isr        1547 ASR_MSG_AUW,   cloud  
[2020/08/01 21:25:14 756] isr        1559 0  4  
[2020/08/01 21:25:14 756] isr        1592 aud end, USER  
[2020/08/01 21:25:14 759] isr        854  [aud] speech end  
[2020/08/01 21:25:14 759] isr        798  3  msc  
[2020/08/01 21:25:14 759] isr        1636 ASR_MSG_GRSLT,   cloud  
[2020/08/01 21:25:14 759] isr        1335 0  nil  2  
[2020/08/01 21:25:14 844] isr        700  cloud_status_cb, eps:  3  
[2020/08/01 21:25:14 844] isr        798  3  cloud  
[2020/08/01 21:25:14 844] isr        800  already speech end  
[2020/08/01 21:25:14 845] isr        662  cloud_rslt_cb status =   0  
[2020/08/01 21:25:14 845] isr        641  process_result call:  cloud  udata(3e9cd30) 0  nil  
[2020/08/01 21:25:14 855] isr        662  cloud_rslt_cb status =   5  
[2020/08/01 21:25:14 855] isr        641  process_result call:  cloud  udata(3e9d270) 5  nil  
[2020/08/01 21:25:14 855] isr        798  3  msc  
[2020/08/01 21:25:14 855] isr        800  already speech end  
[2020/08/01 21:25:14 861] isr        1636 ASR_MSG_GRSLT,   cloud  
[2020/08/01 21:25:14 861] isr        1335 0  udata(3e9cd30) 0  
[2020/08/01 21:25:14 961] isr        1636 ASR_MSG_GRSLT,   cloud  
[2020/08/01 21:25:14 961] isr        1335 0  udata(3e9d270) 5  
[2020/08/01 21:25:15 063] isr        1639 ASR_MSG_SSE,   cloud  
[2020/08/01 21:25:15 063] isr        1356 session_end() [in]  
[2020/08/01 21:25:15 063] isr        1421 cloud_session_end() [in]  
[2020/08/01 21:25:15 065] isr        1488 ns_host=  open.xf-yun.com  
[2020/08/01 21:25:15 065] isr        1498 tick()mod=  97473031  
[2020/08/01 21:25:15 065] isr        1499 tick()=  97473031  
[2020/08/01 21:25:15 065] isr        1501 diff=  2266  
[2020/08/01 21:25:15 065] isr        1514 cloud_session_end() [out]  
[2020/08/01 21:25:15 066] isr        1667 isr unload!  
============================================================
Time  2020/08/01 21:25:19 230 
============================================================
[2020/08/01 21:25:19 230] isr        1659 isr loaded!  
[2020/08/01 21:25:19 230] isr        1642 SYS_MSG_REGCB param0 =   msp_status_cb  param1 =   func(3d85b60) 
[2020/08/01 21:25:19 230] isr        1537 ASR_MSG_SSB  
[2020/08/01 21:25:19 230] isr        1066 session_begin() [in], params:   sub = iat, domain = iat, language = zh_cn, accent = mandarin, sample_rate = 16000, result_type = plain, result_encoding = gb2312Íýýýý  nil  
[2020/08/01 21:25:19 230] isr        927  vad_set [in]  
[2020/08/01 21:25:19 230] isr        962  vad_enable :  true  
[2020/08/01 21:25:19 230] isr        980  vad_bos :  10000  
[2020/08/01 21:25:19 230] isr        981  vad_eos :  2000  
[2020/08/01 21:25:19 230] isr        886  enable_vad [in]  
[2020/08/01 21:25:19 232] isr        918  vad enabled!  2000  10000  
[2020/08/01 21:25:19 232] isr        921  enable_vad [out]  
[2020/08/01 21:25:19 232] isr        987  vad_set [out] | ret =  0  
[2020/08/01 21:25:19 232] isr        1187 cur_engine_type =   cloud  
[2020/08/01 21:25:19 232] isr        1001 cloud_session_begin  
[2020/08/01 21:25:19 232] isr        1013 unknown  
[2020/08/01 21:25:19 427] isr        1547 ASR_MSG_AUW,   cloud  
[2020/08/01 21:25:19 427] isr        1559 6400  1  
[2020/08/01 21:25:19 427] isr        1569 once_bytes:   6400  
[2020/08/01 21:25:19 427] isr        851  [aud] speech start  
[2020/08/01 21:25:19 427] isr        798  1  msc  
[2020/08/01 21:25:19 625] isr        1547 ASR_MSG_AUW,   cloud  
[2020/08/01 21:25:19 625] isr        1559 6400  2  
[2020/08/01 21:25:19 660] isr        700  cloud_status_cb, eps:  1  
[2020/08/01 21:25:19 660] isr        798  1  cloud  
[2020/08/01 21:25:19 660] isr        813  cloud eps ignored  
[2020/08/01 21:25:19 825] isr        1547 ASR_MSG_AUW,   cloud  
[2020/08/01 21:25:19 825] isr        1559 6400  2  
[2020/08/01 21:25:20 026] isr        1547 ASR_MSG_AUW,   cloud  
[2020/08/01 21:25:20 026] isr        1559 6400  2  
[2020/08/01 21:25:20 226] isr        1547 ASR_MSG_AUW,   cloud  
[2020/08/01 21:25:20 226] isr        1559 6400  2  
[2020/08/01 21:25:20 426] isr        1547 ASR_MSG_AUW,   cloud  
[2020/08/01 21:25:20 426] isr        1559 6400  2  
[2020/08/01 21:25:20 627] isr        1547 ASR_MSG_AUW,   cloud  
[2020/08/01 21:25:20 627] isr        1559 6400  2  
[2020/08/01 21:25:20 826] isr        1547 ASR_MSG_AUW,   cloud  
[2020/08/01 21:25:20 826] isr        1559 6400  2  
[2020/08/01 21:25:21 026] isr        1547 ASR_MSG_AUW,   cloud  
[2020/08/01 21:25:21 026] isr        1559 6400  2  
[2020/08/01 21:25:21 226] isr        1547 ASR_MSG_AUW,   cloud  
[2020/08/01 21:25:21 226] isr        1559 6400  2  
[2020/08/01 21:25:21 426] isr        1547 ASR_MSG_AUW,   cloud  
[2020/08/01 21:25:21 426] isr        1559 6400  2  
[2020/08/01 21:25:21 467] isr        662  cloud_rslt_cb status =   0  
[2020/08/01 21:25:21 467] isr        641  process_result call:  cloud  udata(3d730e0) 0  nil  
[2020/08/01 21:25:21 627] isr        1547 ASR_MSG_AUW,   cloud  
[2020/08/01 21:25:21 627] isr        1559 6400  2  
[2020/08/01 21:25:21 826] isr        1547 ASR_MSG_AUW,   cloud  
[2020/08/01 21:25:21 828] isr        1559 6400  2  
[2020/08/01 21:25:21 828] isr        1636 ASR_MSG_GRSLT,   cloud  
[2020/08/01 21:25:21 828] isr        1335 0  udata(3d730e0) 0  
[2020/08/01 21:25:22 026] isr        1547 ASR_MSG_AUW,   cloud  
[2020/08/01 21:25:22 026] isr        1559 6400  2  
[2020/08/01 21:25:22 026] isr        1636 ASR_MSG_GRSLT,   cloud  
[2020/08/01 21:25:22 026] isr        1335 0  nil  2  
[2020/08/01 21:25:22 226] isr        1547 ASR_MSG_AUW,   cloud  
[2020/08/01 21:25:22 226] isr        1559 6400  2  
[2020/08/01 21:25:22 426] isr        1547 ASR_MSG_AUW,   cloud  
[2020/08/01 21:25:22 426] isr        1559 6400  2  
[2020/08/01 21:25:22 625] isr        1547 ASR_MSG_AUW,   cloud  
[2020/08/01 21:25:22 625] isr        1559 6400  2  
[2020/08/01 21:25:22 825] isr        1547 ASR_MSG_AUW,   cloud  
[2020/08/01 21:25:22 825] isr        1559 6400  2  
[2020/08/01 21:25:22 825] isr        854  [aud] speech end  
[2020/08/01 21:25:22 826] isr        798  3  msc  
[2020/08/01 21:25:22 826] isr        864  aud end, MSC VAD  
[2020/08/01 21:25:22 861] isr        700  cloud_status_cb, eps:  3  
[2020/08/01 21:25:22 861] isr        798  3  cloud  
[2020/08/01 21:25:22 861] isr        800  already speech end  
[2020/08/01 21:25:22 862] isr        662  cloud_rslt_cb status =   5  
[2020/08/01 21:25:22 862] isr        641  process_result call:  cloud  udata(3f01ac8) 5  nil  
[2020/08/01 21:25:22 862] isr        798  3  msc  
[2020/08/01 21:25:22 862] isr        800  already speech end  
[2020/08/01 21:25:23 025] isr        1547 ASR_MSG_AUW,   cloud  
[2020/08/01 21:25:23 025] isr        1559 6400  2  
[2020/08/01 21:25:23 036] isr        1636 ASR_MSG_GRSLT,   cloud  
[2020/08/01 21:25:23 036] isr        1335 0  udata(3f01ac8) 5  
[2020/08/01 21:25:23 138] isr        1639 ASR_MSG_SSE,   cloud  
[2020/08/01 21:25:23 138] isr        1356 session_end() [in]  
[2020/08/01 21:25:23 140] isr        1421 cloud_session_end() [in]  
[2020/08/01 21:25:23 141] isr        1488 ns_host=  open.xf-yun.com  
[2020/08/01 21:25:23 141] isr        1498 tick()mod=  97481093  
[2020/08/01 21:25:23 141] isr        1499 tick()=  97481093  
[2020/08/01 21:25:23 141] isr        1501 diff=  10328  
[2020/08/01 21:25:23 141] isr        1514 cloud_session_end() [out]  
[2020/08/01 21:25:23 142] isr        1667 isr unload!  
============================================================
Time  2020/08/01 21:25:28 953 
============================================================
[2020/08/01 21:25:28 953] isr        1659 isr loaded!  
[2020/08/01 21:25:28 953] isr        1642 SYS_MSG_REGCB param0 =   msp_status_cb  param1 =   func(30e58c0) 
[2020/08/01 21:25:28 953] isr        1537 ASR_MSG_SSB  
[2020/08/01 21:25:28 953] isr        1066 session_begin() [in], params:   sub = iat, domain = iat, language = zh_cn, accent = mandarin, sample_rate = 16000, result_type = plain, result_encoding = gb2312Íýýýý  nil  
[2020/08/01 21:25:28 953] isr        927  vad_set [in]  
[2020/08/01 21:25:28 953] isr        962  vad_enable :  true  
[2020/08/01 21:25:28 953] isr        980  vad_bos :  10000  
[2020/08/01 21:25:28 953] isr        981  vad_eos :  2000  
[2020/08/01 21:25:28 953] isr        886  enable_vad [in]  
[2020/08/01 21:25:28 953] isr        918  vad enabled!  2000  10000  
[2020/08/01 21:25:28 953] isr        921  enable_vad [out]  
[2020/08/01 21:25:28 953] isr        987  vad_set [out] | ret =  0  
[2020/08/01 21:25:28 953] isr        1187 cur_engine_type =   cloud  
[2020/08/01 21:25:28 953] isr        1001 cloud_session_begin  
[2020/08/01 21:25:28 953] isr        1013 unknown  
[2020/08/01 21:25:29 147] isr        1547 ASR_MSG_AUW,   cloud  
[2020/08/01 21:25:29 148] isr        1559 6400  1  
[2020/08/01 21:25:29 148] isr        1569 once_bytes:   6400  
[2020/08/01 21:25:29 151] isr        851  [aud] speech start  
[2020/08/01 21:25:29 151] isr        798  1  msc  
[2020/08/01 21:25:29 348] isr        1547 ASR_MSG_AUW,   cloud  
[2020/08/01 21:25:29 348] isr        1559 6400  2  
[2020/08/01 21:25:29 404] isr        700  cloud_status_cb, eps:  1  
[2020/08/01 21:25:29 404] isr        798  1  cloud  
[2020/08/01 21:25:29 404] isr        813  cloud eps ignored  
[2020/08/01 21:25:29 546] isr        1547 ASR_MSG_AUW,   cloud  
[2020/08/01 21:25:29 546] isr        1559 6400  2  
[2020/08/01 21:25:29 746] isr        1547 ASR_MSG_AUW,   cloud  
[2020/08/01 21:25:29 746] isr        1559 6400  2  
[2020/08/01 21:25:29 947] isr        1547 ASR_MSG_AUW,   cloud  
[2020/08/01 21:25:29 947] isr        1559 6400  2  
[2020/08/01 21:25:30 148] isr        1547 ASR_MSG_AUW,   cloud  
[2020/08/01 21:25:30 148] isr        1559 6400  2  
[2020/08/01 21:25:30 346] isr        1547 ASR_MSG_AUW,   cloud  
[2020/08/01 21:25:30 346] isr        1559 6400  2  
[2020/08/01 21:25:30 546] isr        1547 ASR_MSG_AUW,   cloud  
[2020/08/01 21:25:30 546] isr        1559 6400  2  
[2020/08/01 21:25:30 746] isr        1547 ASR_MSG_AUW,   cloud  
[2020/08/01 21:25:30 746] isr        1559 6400  2  
[2020/08/01 21:25:30 947] isr        1547 ASR_MSG_AUW,   cloud  
[2020/08/01 21:25:30 947] isr        1559 6400  2  
[2020/08/01 21:25:30 997] isr        1547 ASR_MSG_AUW,   cloud  
[2020/08/01 21:25:30 997] isr        1559 1280  2  
[2020/08/01 21:25:31 000] isr        1547 ASR_MSG_AUW,   cloud  
[2020/08/01 21:25:31 000] isr        1559 0  4  
[2020/08/01 21:25:31 000] isr        1592 aud end, USER  
[2020/08/01 21:25:31 000] isr        1636 ASR_MSG_GRSLT,   cloud  
[2020/08/01 21:25:31 000] isr        1335 0  nil  2  
[2020/08/01 21:25:31 000] isr        854  [aud] speech end  
[2020/08/01 21:25:31 002] isr        798  3  msc  
[2020/08/01 21:25:31 101] isr        1636 ASR_MSG_GRSLT,   cloud  
[2020/08/01 21:25:31 101] isr        1335 0  nil  2  
[2020/08/01 21:25:31 201] isr        1636 ASR_MSG_GRSLT,   cloud  
[2020/08/01 21:25:31 201] isr        1335 0  nil  2  
[2020/08/01 21:25:31 242] isr        700  cloud_status_cb, eps:  3  
[2020/08/01 21:25:31 242] isr        798  3  cloud  
[2020/08/01 21:25:31 242] isr        800  already speech end  
[2020/08/01 21:25:31 244] isr        662  cloud_rslt_cb status =   0  
[2020/08/01 21:25:31 244] isr        641  process_result call:  cloud  udata(3132000) 0  nil  
[2020/08/01 21:25:31 253] isr        662  cloud_rslt_cb status =   5  
[2020/08/01 21:25:31 253] isr        641  process_result call:  cloud  udata(3131e20) 5  nil  
[2020/08/01 21:25:31 253] isr        798  3  msc  
[2020/08/01 21:25:31 253] isr        800  already speech end  
[2020/08/01 21:25:31 303] isr        1636 ASR_MSG_GRSLT,   cloud  
[2020/08/01 21:25:31 303] isr        1335 0  udata(3132000) 0  
[2020/08/01 21:25:31 405] isr        1636 ASR_MSG_GRSLT,   cloud  
[2020/08/01 21:25:31 405] isr        1335 0  udata(3131e20) 5  
[2020/08/01 21:25:31 506] isr        1639 ASR_MSG_SSE,   cloud  
[2020/08/01 21:25:31 506] isr        1356 session_end() [in]  
[2020/08/01 21:25:31 506] isr        1421 cloud_session_end() [in]  
[2020/08/01 21:25:31 507] isr        1488 ns_host=  open.xf-yun.com  
[2020/08/01 21:25:31 507] isr        1498 tick()mod=  97489468  
[2020/08/01 21:25:31 507] isr        1499 tick()=  97489468  
[2020/08/01 21:25:31 507] isr        1501 diff=  18703  
[2020/08/01 21:25:31 507] isr        1514 cloud_session_end() [out]  
[2020/08/01 21:25:31 507] isr        1667 isr unload!  
============================================================
Time  2020/08/01 21:25:33 624 
============================================================
[2020/08/01 21:25:33 624] isr        1659 isr loaded!  
[2020/08/01 21:25:33 625] isr        1642 SYS_MSG_REGCB param0 =   msp_status_cb  param1 =   func(3e17af0) 
[2020/08/01 21:25:33 625] isr        1537 ASR_MSG_SSB  
[2020/08/01 21:25:33 625] isr        1066 session_begin() [in], params:   sub = iat, domain = iat, language = zh_cn, accent = mandarin, sample_rate = 16000, result_type = plain, result_encoding = gb2312Íýýýý  nil  
[2020/08/01 21:25:33 625] isr        927  vad_set [in]  
[2020/08/01 21:25:33 625] isr        962  vad_enable :  true  
[2020/08/01 21:25:33 625] isr        980  vad_bos :  10000  
[2020/08/01 21:25:33 625] isr        981  vad_eos :  2000  
[2020/08/01 21:25:33 625] isr        886  enable_vad [in]  
[2020/08/01 21:25:33 625] isr        918  vad enabled!  2000  10000  
[2020/08/01 21:25:33 625] isr        921  enable_vad [out]  
[2020/08/01 21:25:33 625] isr        987  vad_set [out] | ret =  0  
[2020/08/01 21:25:33 625] isr        1187 cur_engine_type =   cloud  
[2020/08/01 21:25:33 625] isr        1001 cloud_session_begin  
[2020/08/01 21:25:33 625] isr        1013 unknown  
[2020/08/01 21:25:33 819] isr        1547 ASR_MSG_AUW,   cloud  
[2020/08/01 21:25:33 819] isr        1559 6400  1  
[2020/08/01 21:25:33 819] isr        1569 once_bytes:   6400  
[2020/08/01 21:25:33 821] isr        851  [aud] speech start  
[2020/08/01 21:25:33 821] isr        798  1  msc  
[2020/08/01 21:25:34 022] isr        1547 ASR_MSG_AUW,   cloud  
[2020/08/01 21:25:34 022] isr        1559 6400  2  
[2020/08/01 21:25:34 058] isr        700  cloud_status_cb, eps:  1  
[2020/08/01 21:25:34 058] isr        798  1  cloud  
[2020/08/01 21:25:34 058] isr        813  cloud eps ignored  
[2020/08/01 21:25:34 219] isr        1547 ASR_MSG_AUW,   cloud  
[2020/08/01 21:25:34 220] isr        1559 6400  2  
[2020/08/01 21:25:34 420] isr        1547 ASR_MSG_AUW,   cloud  
[2020/08/01 21:25:34 420] isr        1559 6400  2  
[2020/08/01 21:25:34 619] isr        1547 ASR_MSG_AUW,   cloud  
[2020/08/01 21:25:34 619] isr        1559 6400  2  
[2020/08/01 21:25:34 819] isr        1547 ASR_MSG_AUW,   cloud  
[2020/08/01 21:25:34 819] isr        1559 6400  2  
[2020/08/01 21:25:35 019] isr        1547 ASR_MSG_AUW,   cloud  
[2020/08/01 21:25:35 019] isr        1559 6400  2  
[2020/08/01 21:25:35 219] isr        1547 ASR_MSG_AUW,   cloud  
[2020/08/01 21:25:35 219] isr        1559 6400  2  
[2020/08/01 21:25:35 420] isr        1547 ASR_MSG_AUW,   cloud  
[2020/08/01 21:25:35 420] isr        1559 6400  2  
[2020/08/01 21:25:35 619] isr        1547 ASR_MSG_AUW,   cloud  
[2020/08/01 21:25:35 619] isr        1559 6400  2  
[2020/08/01 21:25:35 650] isr        1547 ASR_MSG_AUW,   cloud  
[2020/08/01 21:25:35 650] isr        1559 640  2  
[2020/08/01 21:25:35 651] isr        1547 ASR_MSG_AUW,   cloud  
[2020/08/01 21:25:35 651] isr        1559 0  4  
[2020/08/01 21:25:35 651] isr        1592 aud end, USER  
[2020/08/01 21:25:35 651] isr        1636 ASR_MSG_GRSLT,   cloud  
[2020/08/01 21:25:35 651] isr        1335 0  nil  2  
[2020/08/01 21:25:35 653] isr        854  [aud] speech end  
[2020/08/01 21:25:35 653] isr        798  3  msc  
[2020/08/01 21:25:35 723] isr        700  cloud_status_cb, eps:  3  
[2020/08/01 21:25:35 723] isr        798  3  cloud  
[2020/08/01 21:25:35 723] isr        800  already speech end  
[2020/08/01 21:25:35 726] isr        662  cloud_rslt_cb status =   5  
[2020/08/01 21:25:35 726] isr        641  process_result call:  cloud  udata(3f472c8) 5  nil  
[2020/08/01 21:25:35 726] isr        798  3  msc  
[2020/08/01 21:25:35 726] isr        800  already speech end  
[2020/08/01 21:25:35 753] isr        1636 ASR_MSG_GRSLT,   cloud  
[2020/08/01 21:25:35 753] isr        1335 0  udata(3f472c8) 5  
[2020/08/01 21:25:35 855] isr        1639 ASR_MSG_SSE,   cloud  
[2020/08/01 21:25:35 855] isr        1356 session_end() [in]  
[2020/08/01 21:25:35 855] isr        1421 cloud_session_end() [in]  
[2020/08/01 21:25:35 855] isr        1488 ns_host=  open.xf-yun.com  
[2020/08/01 21:25:35 855] isr        1498 tick()mod=  97493812  
[2020/08/01 21:25:35 857] isr        1499 tick()=  97493812  
[2020/08/01 21:25:35 857] isr        1501 diff=  23047  
[2020/08/01 21:25:35 857] isr        1514 cloud_session_end() [out]  
[2020/08/01 21:25:35 858] isr        1667 isr unload!  
